{"numTotalTestSuites":2,"numPassedTestSuites":0,"numFailedTestSuites":2,"numPendingTestSuites":0,"numTotalTests":15,"numPassedTests":0,"numFailedTests":15,"numPendingTests":0,"numTodoTests":0,"snapshot":{"added":0,"failure":false,"filesAdded":0,"filesRemoved":0,"filesRemovedList":[],"filesUnmatched":0,"filesUpdated":0,"matched":0,"total":0,"unchecked":0,"uncheckedKeysByFile":[],"unmatched":0,"updated":0,"didUpdate":false},"startTime":1778747886721,"success":false,"testResults":[{"assertionResults":[{"ancestorTitles":["SubjectDetailPage"],"fullName":"SubjectDetailPage renders movie staff, media, and related sections","status":"failed","title":"renders movie staff, media, and related sections","duration":60.77369999999996,"failureMessages":["Error: Invalid Chai property: toBeInTheDocument\n    at Object.proxyGetter [as get] (file:///C:/Users/ttop5/Documents/projects/douban-lite/node_modules/chai/index.js:1639:17)\n    at C:\\Users\\ttop5\\Documents\\projects\\douban-lite\\apps\\web\\src\\pages\\subject-detail-page.test.tsx:157:51\n    at runNextTicks (node:internal/process/task_queues:65:5)\n    at listOnTimeout (node:internal/timers:567:9)\n    at processTimers (node:internal/timers:541:7)\n    at file:///C:/Users/ttop5/Documents/projects/douban-lite/node_modules/@vitest/runner/dist/chunk-hooks.js:752:20"],"meta":{}},{"ancestorTitles":["SubjectDetailPage"],"fullName":"SubjectDetailPage renders music tracks and related albums","status":"failed","title":"renders music tracks and related albums","duration":1025.5645000000002,"failureMessages":["Error: Unable to find role=\"heading\" and name \"鏇茬洰\"\n\nIgnored nodes: comments, script, style\n\u001b[36m<body>\u001b[39m\n  \u001b[36m<div>\u001b[39m\n    \u001b[36m<div\u001b[39m\n      \u001b[33mclass\u001b[39m=\u001b[32m\"page detail-page detail-page--with-back-button\"\u001b[39m\n    \u001b[36m>\u001b[39m\n      \u001b[36m<button\u001b[39m\n        \u001b[33maria-label\u001b[39m=\u001b[32m\"返回\"\u001b[39m\n        \u001b[33mclass\u001b[39m=\u001b[32m\"detail-back-button\"\u001b[39m\n        \u001b[33mtype\u001b[39m=\u001b[32m\"button\"\u001b[39m\n      \u001b[36m>\u001b[39m\n        \u001b[36m<span>\u001b[39m\n          \u001b[0m‹\u001b[0m\n        \u001b[36m</span>\u001b[39m\n      \u001b[36m</button>\u001b[39m\n      \u001b[36m<button\u001b[39m\n        \u001b[33maria-label\u001b[39m=\u001b[32m\"分享\"\u001b[39m\n        \u001b[33mclass\u001b[39m=\u001b[32m\"detail-share-button\"\u001b[39m\n        \u001b[33mtype\u001b[39m=\u001b[32m\"button\"\u001b[39m\n      \u001b[36m>\u001b[39m\n        \u001b[36m<svg\u001b[39m\n          \u001b[33maria-hidden\u001b[39m=\u001b[32m\"true\"\u001b[39m\n          \u001b[33mfill\u001b[39m=\u001b[32m\"none\"\u001b[39m\n          \u001b[33mheight\u001b[39m=\u001b[32m\"21\"\u001b[39m\n          \u001b[33mviewBox\u001b[39m=\u001b[32m\"0 0 24 24\"\u001b[39m\n          \u001b[33mwidth\u001b[39m=\u001b[32m\"21\"\u001b[39m\n        \u001b[36m>\u001b[39m\n          \u001b[36m<path\u001b[39m\n            \u001b[33md\u001b[39m=\u001b[32m\"M8.6 12.7 15.4 16.4\"\u001b[39m\n          \u001b[36m/>\u001b[39m\n          \u001b[36m<path\u001b[39m\n            \u001b[33md\u001b[39m=\u001b[32m\"M15.4 7.6 8.6 11.3\"\u001b[39m\n          \u001b[36m/>\u001b[39m\n          \u001b[36m<circle\u001b[39m\n            \u001b[33mcx\u001b[39m=\u001b[32m\"6.4\"\u001b[39m\n            \u001b[33mcy\u001b[39m=\u001b[32m\"12\"\u001b[39m\n            \u001b[33mr\u001b[39m=\u001b[32m\"2.4\"\u001b[39m\n          \u001b[36m/>\u001b[39m\n          \u001b[36m<circle\u001b[39m\n            \u001b[33mcx\u001b[39m=\u001b[32m\"17.6\"\u001b[39m\n            \u001b[33mcy\u001b[39m=\u001b[32m\"6.4\"\u001b[39m\n            \u001b[33mr\u001b[39m=\u001b[32m\"2.4\"\u001b[39m\n          \u001b[36m/>\u001b[39m\n          \u001b[36m<circle\u001b[39m\n            \u001b[33mcx\u001b[39m=\u001b[32m\"17.6\"\u001b[39m\n            \u001b[33mcy\u001b[39m=\u001b[32m\"17.6\"\u001b[39m\n            \u001b[33mr\u001b[39m=\u001b[32m\"2.4\"\u001b[39m\n          \u001b[36m/>\u001b[39m\n        \u001b[36m</svg>\u001b[39m\n      \u001b[36m</button>\u001b[39m\n      \u001b[36m<section\u001b[39m\n        \u001b[33mclass\u001b[39m=\u001b[32m\"detail-hero\"\u001b[39m\n      \u001b[36m>\u001b[39m\n        \u001b[36m<div\u001b[39m\n          \u001b[33mclass\u001b[39m=\u001b[32m\"detail-hero__cover\"\u001b[39m\n        \u001b[36m>\u001b[39m\n          \u001b[36m<span>\u001b[39m\n            \u001b[0m无封面\u001b[0m\n          \u001b[36m</span>\u001b[39m\n        \u001b[36m</div>\u001b[39m\n        \u001b[36m<div\u001b[39m\n          \u001b[33mclass\u001b[39m=\u001b[32m\"detail-hero__body\"\u001b[39m\n        \u001b[36m>\u001b[39m\n          \u001b[36m<h1>\u001b[39m\n            \u001b[0mMusic Demo\u001b[0m\n          \u001b[36m</h1>\u001b[39m\n          \u001b[36m<p\u001b[39m\n            \u001b[33mclass\u001b[39m=\u001b[32m\"subject-card__meta\"\u001b[39m\n          \u001b[36m>\u001b[39m\n            \u001b[0m音乐\u001b[0m\n            \u001b[0m / 2024\u001b[0m\n            \u001b[0m / Creator One\u001b[0m\n          \u001b[36m</p>\u001b[39m\n        \u001b[36m</div>\u001b[39m\n        \u001b[36m<div\u001b[39m\n          \u001b[33maria-label\u001b[39m=\u001b[32m\"收藏状态\"\u001b[39m\n          \u001b[33mclass\u001b[39m=\u001b[32m\"detail-hero__actions\"\u001b[39m\n        \u001b[36m>\u001b[39m\n          \u001b[36m<button\u001b[39m\n            \u001b[33mclass\u001b[39m=\u001b[32m\"detail-action is-disabled\"\u001b[39m\n            \u001b[33mtype\u001b[39m=\u001b[32m\"button\"\u001b[39m\n          \u001b[36m>\u001b[39m\n            \u001b[36m<span>\u001b[39m\n              \u001b[0m⊕\u001b[0m\n            \u001b[36m</span>\u001b[39m\n            \u001b[0m想听\u001b[0m\n          \u001b[36m</button>\u001b[39m\n          \u001b[36m<button\u001b[39m\n            \u001b[33mclass\u001b[39m=\u001b[32m\"detail-action is-disabled\"\u001b[39m\n            \u001b[33mtype\u001b[39m=\u001b[32m\"button\"\u001b[39m\n          \u001b[36m>\u001b[39m\n            \u001b[36m<span>\u001b[39m\n              \u001b[0m⊙\u001b[0m\n            \u001b[36m</span>\u001b[39m\n            \u001b[0m在听\u001b[0m\n          \u001b[36m</button>\u001b[39m\n          \u001b[36m<button\u001b[39m\n            \u001b[33mclass\u001b[39m=\u001b[32m\"detail-action is-disabled\"\u001b[39m\n            \u001b[33mtype\u001b[39m=\u001b[32m\"button\"\u001b[39m\n          \u001b[36m>\u001b[39m\n            \u001b[36m<span>\u001b[39m\n              \u001b[0m☆\u001b[0m\n            \u001b[36m</span>\u001b[39m\n            \u001b[0m听过\u001b[0m\n          \u001b[36m</button>\u001b[39m\n        \u001b[36m</div>\u001b[39m\n      \u001b[36m</section>\u001b[39m\n      \u001b[36m<section\u001b[39m\n        \u001b[33mclass\u001b[39m=\u001b[32m\"detail-rating-panel\"\u001b[39m\n      \u001b[36m>\u001b[39m\n        \u001b[36m<div\u001b[39m\n          \u001b[33mclass\u001b[39m=\u001b[32m\"detail-rating-card detail-rating-card--public-only\"\u001b[39m\n        \u001b[36m>\u001b[39m\n          \u001b[36m<div>\u001b[39m\n            \u001b[36m<span>\u001b[39m\n              \u001b[0m豆瓣评分\u001b[0m\n            \u001b[36m</span>\u001b[39m\n            \u001b[36m<div\u001b[39m\n              \u001b[33mclass\u001b[39m=\u001b[32m\"detail-rating-card__score\"\u001b[39m\n            \u001b[36m>\u001b[39m\n              \u001b[36m<strong>\u001b[39m\n                \u001b[0m8.8\u001b[0m\n              \u001b[36m</strong>\u001b[39m\n              \u001b[36m<span\u001b[39m\n                \u001b[33maria-label\u001b[39m=\u001b[32m\"4 星\"\u001b[39m\n                \u001b[33mclass\u001b[39m=\u001b[32m\"douban-stars\"\u001b[39m\n              \u001b[36m>\u001b[39m\n                \u001b[36m<span>\u001b[39m\n                  \u001b[0m★★★★\u001b[0m\n                \u001b[36m</span>\u001b[39m\n                \u001b[36m<span>\u001b[39m\n                  \u001b[0m★\u001b[0m\n                \u001b[36m</span>\u001b[39m\n              \u001b[36m</span>\u001b[39m\n            \u001b[36m</div>\u001b[39m\n            \u001b[36m<p>\u001b[39m\n              \u001b[0m来自豆瓣公开评分\u001b[0m\n            \u001b[36m</p>\u001b[39m\n          \u001b[36m</div>\u001b[39m\n          \u001b[36m<div\u001b[39m\n            \u001b[33mclass\u001b[39m=\u001b[32m\"detail-my-rating\"\u001b[39m\n          \u001b[36m>\u001b[39m\n            \u001b[36m<span>\u001b[39m\n              \u001b[0m我的评分\u001b[0m\n            \u001b[36m</span>\u001b[39m\n            \u001b[36m<div\u001b[39m\n              \u001b[33maria-label\u001b[39m=\u001b[32m\"我的评分\"\u001b[39m\n              \u001b[33mclass\u001b[39m=\u001b[32m\"detail-my-rating__stars\"\u001b[39m\n            \u001b[36m>\u001b[39m\n              \u001b[36m<button\u001b[39m\n                \u001b[33maria-label\u001b[39m=\u001b[32m\"1 星\"\u001b[39m\n                \u001b[33mclass\u001b[39m=\u001b[32m\"\"\u001b[39m\n                \u001b[33mtype\u001b[39m=\u001b[32m\"button\"\u001b[39m\n              \u001b[36m>\u001b[39m\n                \u001b[0m★\u001b[0m\n              \u001b[36m</button>\u001b[39m\n              \u001b[36m<button\u001b[39m\n                \u001b[33maria-label\u001b[39m=\u001b[32m\"2 星\"\u001b[39m\n                \u001b[33mclass\u001b[39m=\u001b[32m\"\"\u001b[39m\n                \u001b[33mtype\u001b[39m=\u001b[32m\"button\"\u001b[39m\n              \u001b[36m>\u001b[39m\n                \u001b[0m★\u001b[0m\n              \u001b[36m</button>\u001b[39m\n              \u001b[36m<button\u001b[39m\n                \u001b[33maria-label\u001b[39m=\u001b[32m\"3 星\"\u001b[39m\n                \u001b[33mclass\u001b[39m=\u001b[32m\"\"\u001b[39m\n                \u001b[33mtype\u001b[39m=\u001b[32m\"button\"\u001b[39m\n              \u001b[36m>\u001b[39m\n                \u001b[0m★\u001b[0m\n              \u001b[36m</button>\u001b[39m\n              \u001b[36m<button\u001b[39m\n                \u001b[33maria-label\u001b[39m=\u001b[32m\"4 星\"\u001b[39m\n                \u001b[33mclass\u001b[39m=\u001b[32m\"\"\u001b[39m\n                \u001b[33mtype\u001b[39m=\u001b[32m\"button\"\u001b[39m\n              \u001b[36m>\u001b[39m\n                \u001b[0m★\u001b[0m\n              \u001b[36m</button>\u001b[39m\n              \u001b[36m<button\u001b[39m\n                \u001b[33maria-label\u001b[39m=\u001b[32m\"5 星\"\u001b[39m\n                \u001b[33mclass\u001b[39m=\u001b[32m\"\"\u001b[39m\n                \u001b[33mtype\u001b[39m=\u001b[32m\"button\"\u001b[39m\n              \u001b[36m>\u001b[39m\n                \u001b[0m★\u001b[0m\n              \u001b[36m</button>\u001b[39m\n            \u001b[36m</div>\u001b[39m\n            \u001b[36m<p\u001b[39m\n              \u001b[33mclass\u001b[39m=\u001b[32m\"detail-my-rating__placeholder\"\u001b[39m\n            \u001b[36m>\u001b[39m\n              \u001b[0m登录后可以同步你的标记、评分和短评。\u001b[0m\n            \u001b[36m</p>\u001b[39m\n          \u001b[36m</div>\u001b[39m\n        \u001b[36m</div>\u001b[39m\n        \u001b[36m<p\u001b[39m\n          \u001b[33mclass\u001b[39m=\u001b[32m\"detail-current-state\"\u001b[39m\n        \u001b[36m>\u001b[39m\n          \u001b[0m当前：\u001b[0m\n          \u001b[0m未标记\u001b[0m\n        \u001b[36m</p>\u001b[39m\n        \u001b[36m<p\u001b[39m\n          \u001b[33mclass\u001b[39m=\u001b[32m\"notice\"\u001b[39m\n        \u001b[36m>\u001b[39m\n          \u001b[0m请先登录豆瓣后再标记和评分。\u001b[0m\n          \u001b[36m<button\u001b[39m\n            \u001b[33mclass\u001b[39m=\u001b[32m\"notice-link\"\u001b[39m\n            \u001b[33mtype\u001b[39m=\u001b[32m\"button\"\u001b[39m\n          \u001b[36m>\u001b[39m\n            \u001b[0m去登录\u001b[0m\n          \u001b[36m</button>\u001b[39m\n        \u001b[36m</p>\u001b[39m\n      \u001b[36m</section>\u001b[39m\n      \u001b[36m<section\u001b[39m\n        \u001b[33mclass\u001b[39m=\u001b[32m\"detail-section detail-summary-section\"\u001b[39m\n      \u001b[36m>\u001b[39m\n        \u001b[36m<h2>\u001b[39m\n          \u001b[0m剧情简介\u001b[0m\n        \u001b[36m</h2>\u001b[39m\n        \u001b[36m<div\u001b[39m\n          \u001b[33mclass\u001b[39m=\u001b[32m\"detail-summary-wrap\"\u001b[39m\n        \u001b[36m>\u001b[39m\n          \u001b[36m<p>\u001b[39m\n            \u001b[0mMusic Demo summary\u001b[0m\n          \u001b[36m</p>\u001b[39m\n        \u001b[36m</div>\u001b[39m\n      \u001b[36m</section>\u001b[39m\n      \u001b[36m<section\u001b[39m\n        \u001b[33mclass\u001b[39m=\u001b[32m\"detail-section\"\u001b[39m\n      \u001b[36m>\u001b[39m\n        \u001b[36m<div\u001b[39m\n          \u001b[33mclass\u001b[39m=\u001b[32m\"detail-section__header\"\u001b[39m\n        \u001b[36m>\u001b[39m\n          \u001b[36m<h2>\u001b[39m\n            \u001b[0m曲目\u001b[0m\n          \u001b[36m</h2>\u001b[39m\n        \u001b[36m</div>\u001b[39m\n        \u001b[36m<ol\u001b[39m\n          \u001b[33mclass\u001b[39m=\u001b[32m\"detail-list detail-list--ordered\"\u001b[39m\n        \u001b[36m>\u001b[39m\n          \u001b[36m<li>\u001b[39m\n            \u001b[0mTrack One\u001b[0m\n          \u001b[36m</li>\u001b[39m\n          \u001b[36m<li>\u001b[39m\n            \u001b[0mTrack Two\u001b[0m\n          \u001b[36m</li>\u001b[39m\n        \u001b[36m</ol>\u001b[39m\n      \u001b[36m</section>\u001b[39m\n      \u001b[36m<section\u001b[39m\n        \u001b[33mclass\u001b[39m=\u001b[32m\"detail-section\"\u001b[39m\n      \u001b[36m>\u001b[39m\n        \u001b[36m<div\u001b[39m\n          \u001b[33mclass\u001b[39m=\u001b[32m\"detail-section__header\"\u001b[39m\n        \u001b[36m>\u001b[39m\n          \u001b[36m<h2>\u001b[39m\n            \u001b[0m喜欢听此专辑的人也喜欢\u001b[0m\n          \u001b[36m</h2>\u001b[39m\n        \u001b[36m</div>\u001b[39m\n        \u001b[36m<div\u001b[39m\n          \u001b[33mclass\u001b[39m=\u001b[32m\"detail-related-grid\"\u001b[39m\n        \u001b[36m>\u001b[39m\n          \u001b[36m<a\u001b[39m\n            \u001b[33mclass\u001b[39m=\u001b[32m\"subject-card subject-card--related\"\u001b[39m\n            \u001b[33mdata-discover\u001b[39m=\u001b[32m\"true\"\u001b[39m\n            \u001b[33mhref\u001b[39m=\u001b[32m\"/subject/music/20427949\"\u001b[39m\n          \u001b[36m>\u001b[39m\n            \u001b[36m<div\u001b[39m\n              \u001b[33mclass\u001b[39m=\u001b[32m\"subject-card__cover\"\u001b[39m\n            \u001b[36m>\u001b[39m\n              \u001b[36m<span>\u001b[39m\n                \u001b[0m无封面\u001b[0m\n              \u001b[36m</span>\u001b[39m\n            \u001b[36m</div>\u001b[39m\n            \u001b[36m<div\u001b[39m\n              \u001b[33mclass\u001b[39m=\u001b[32m\"subject-card__body\"\u001b[39m\n            \u001b[36m>\u001b[39m\n              \u001b[36m<div\u001b[39m\n                \u001b[33mclass\u001b[39m=\u001b[32m\"subject-card__header\"\u001b[39m\n              \u001b[36m>\u001b[39m\n                \u001b[36m<h3>\u001b[39m\n                  \u001b[0mRelated Album\u001b[0m\n                \u001b[36m</h3>\u001b[39m\n                \u001b[36m<span>\u001b[39m\n                  \u001b[0m2024\u001b[0m\n                \u001b[36m</span>\u001b[39m\n              \u001b[36m</div>\u001b[39m\n              \u001b[36m<p\u001b[39m\n                \u001b[33mclass\u001b[39m=\u001b[32m\"subject-card__meta\"\u001b[39m\n              \u001b[36m>\u001b[39m\n                \u001b[36m<span\u001b[39m\n                  \u001b[33mclass\u001b[39m=\u001b[32m\"subject-card__meta-score\"\u001b[39m\n                \u001b[36m>\u001b[39m\n                  \u001b[0m豆瓣 8.8\u001b[0m\n                \u001b[36m</span>\u001b[39m\n              \u001b[36m</p>\u001b[39m\n              \u001b[36m<div\u001b[39m\n                \u001b[33mclass\u001b[39m=\u001b[32m\"subject-card__extra\"\u001b[39m\n              \u001b[36m>\u001b[39m\n                \u001b[36m<div\u001b[39m\n                  \u001b[33mclass\u001b[39m=\u001b[32m\"subject-card__meta-list\"\u001b[39m\n                \u001b[36m>\u001b[39m\n                  \u001b[36m<span\u001b[39m\n                    \u001b[33mclass\u001b[39m=\u001b[32m\"subject-card__meta-chip\"\u001b[39m\n                  \u001b[36m>\u001b[39m\n                    \u001b[0m2024\u001b[0m\n                  \u001b[36m</span>\u001b[39m\n                \u001b[36m</div>\u001b[39m\n              \u001b[36m</div>\u001b[39m\n            \u001b[36m</div>\u001b[39m\n          \u001b[36m</a>\u001b[39m\n        \u001b[36m</div>\u001b[39m\n      \u001b[36m</section>\u001b[39m\n      \u001b[36m<section\u001b[39m\n        \u001b[33mclass\u001b[39m=\u001b[32m\"detail-section comments-panel\"\u001b[39m\n      \u001b[36m>\u001b[39m\n        \u001b[36m<div\u001b[39m\n          \u001b[33mclass\u001b[39m=\u001b[32m\"comments-panel__header\"\u001b[39m\n        \u001b[36m>\u001b[39m\n          \u001b[36m<div>\u001b[39m\n            \u001b[36m<h2>\u001b[39m\n              \u001b[0m短评\u001b[0m\n            \u001b[36m</h2>\u001b[39m\n          \u001b[36m</div>\u001b[39m\n        \u001b[36m</div>\u001b[39m\n        \u001b[36m<div\u001b[39m\n          \u001b[33mclass\u001b[39m=\u001b[32m\"comment-list-lite\"\u001b[39m\n        \u001b[36m>\u001b[39m\n          \u001b[36m<article\u001b[39m\n            \u001b[33mclass\u001b[39m=\u001b[32m\"comment-card\"\u001b[39m\n          \u001b[36m>\u001b[39m\n            \u001b[36m<div\u001b[39m\n              \u001b[33mclass\u001b[39m=\u001b[32m\"comment-card__meta\"\u001b[39m\n            \u001b[36m>\u001b[39m\n              \u001b[36m<span\u001b[39m\n                \u001b[33mclass\u001b[39m=\u001b[32m\"comment-card__avatar\"\u001b[39m\n              \u001b[36m>\u001b[39m\n                \u001b[0mC\u001b[0m\n              \u001b[36m</span>\u001b[39m\n              \u001b[36m<div\u001b[39m\n                \u001b[33mclass\u001b[39m=\u001b[32m\"comment-card__identity\"\u001b[39m\n              \u001b[36m>\u001b[39m\n                \u001b[36m<strong>\u001b[39m\n                  \u001b[0mCommenter\u001b[0m\n                \u001b[36m</strong>\u001b[39m\n                \u001b[36m<div\u001b[39m\n                  \u001b[33mclass\u001b[39m=\u001b[32m\"comment-card__submeta\"\u001b[39m\n                \u001b[36m>\u001b[39m\n                  \u001b[36m<div\u001b[39m\n                    \u001b[33mclass\u001b[39m=\u001b[32m\"comment-card__submeta-main\"\u001b[39m\n                  \u001b[36m>\u001b[39m\n                    \u001b[36m<span\u001b[39m\n                      \u001b[33maria-label\u001b[39m=\u001b[32m\"0 星\"\u001b[39m\n                      \u001b[33mclass\u001b[39m=\u001b[32m\"douban-stars\"\u001b[39m\n                    \u001b[36m>\u001b[39m\n                      \u001b[36m<span />\u001b[39m\n                      \u001b[36m<span>\u001b[39m\n                        \u001b[0m★★★★★\u001b[0m\n                      \u001b[36m</span>\u001b[39m\n                    \u001b[36m</span>\u001b[39m\n                  \u001b[36m</div>\u001b[39m\n                  \u001b[36m<time>\u001b[39m\n                    \u001b[0m2026-05-13\u001b[0m\n                  \u001b[36m</time>\u001b[39m\n                \u001b[36m</div>\u001b[39m\n              \u001b[36m</div>\u001b[39m\n            \u001b[36m</div>\u001b[39m\n            \u001b[36m<p>\u001b[39m\n              \u001b[0mNice detail page\u001b[0m\n            \u001b[36m</p>\u001b[39m\n            \u001b[36m<span\u001b[39m\n              \u001b[33mclass\u001b[39m=\u001b[32m\"comment-card__votes\"\u001b[39m\n            \u001b[36m>\u001b[39m\n              \u001b[0m♡\u001b[0m\n              \u001b[0m \u001b[0m\n              \u001b[0m3\u001b[0m\n            \u001b[36m</span>\u001b[39m\n          \u001b[36m</article>\u001b[39m\n        \u001b[36m</div>\u001b[39m\n        \u001b[36m<p\u001b[39m\n          \u001b[33mclass\u001b[39m=\u001b[32m\"empty-state\"\u001b[39m\n        \u001b[36m>\u001b[39m\n          \u001b[0m没有更多短评了。\u001b[0m\n        \u001b[36m</p>\u001b[39m\n      \u001b[36m</section>\u001b[39m\n    \u001b[36m</div>\u001b[39m\n  \u001b[36m</div>\u001b[39m\n\u001b[36m</body>\u001b[39m\n    at waitForWrapper (C:\\Users\\ttop5\\Documents\\projects\\douban-lite\\node_modules\\@testing-library\\dom\\dist\\wait-for.js:163:27)\n    at C:\\Users\\ttop5\\Documents\\projects\\douban-lite\\node_modules\\@testing-library\\dom\\dist\\query-helpers.js:86:33\n    at C:\\Users\\ttop5\\Documents\\projects\\douban-lite\\apps\\web\\src\\pages\\subject-detail-page.test.tsx:194:25\n    at file:///C:/Users/ttop5/Documents/projects/douban-lite/node_modules/@vitest/runner/dist/chunk-hooks.js:155:11\n    at file:///C:/Users/ttop5/Documents/projects/douban-lite/node_modules/@vitest/runner/dist/chunk-hooks.js:752:26\n    at file:///C:/Users/ttop5/Documents/projects/douban-lite/node_modules/@vitest/runner/dist/chunk-hooks.js:1897:20\n    at new Promise (<anonymous>)\n    at runWithTimeout (file:///C:/Users/ttop5/Documents/projects/douban-lite/node_modules/@vitest/runner/dist/chunk-hooks.js:1863:10)\n    at runTest (file:///C:/Users/ttop5/Documents/projects/douban-lite/node_modules/@vitest/runner/dist/chunk-hooks.js:1574:12)\n    at runNextTicks (node:internal/process/task_queues:65:5)"],"meta":{}},{"ancestorTitles":["SubjectDetailPage"],"fullName":"SubjectDetailPage prefers the user's comment over status text when a music comment exists","status":"failed","title":"prefers the user's comment over status text when a music comment exists","duration":30.695799999999963,"failureMessages":["Error: Invalid Chai property: toBeInTheDocument\n    at Object.proxyGetter [as get] (file:///C:/Users/ttop5/Documents/projects/douban-lite/node_modules/chai/index.js:1639:17)\n    at C:\\Users\\ttop5\\Documents\\projects\\douban-lite\\apps\\web\\src\\pages\\subject-detail-page.test.tsx:249:56\n    at runNextTicks (node:internal/process/task_queues:65:5)\n    at listOnTimeout (node:internal/timers:567:9)\n    at processTimers (node:internal/timers:541:7)\n    at file:///C:/Users/ttop5/Documents/projects/douban-lite/node_modules/@vitest/runner/dist/chunk-hooks.js:752:20"],"meta":{}},{"ancestorTitles":["SubjectDetailPage"],"fullName":"SubjectDetailPage collapses long book summaries behind a view-all action","status":"failed","title":"collapses long book summaries behind a view-all action","duration":33.13079999999991,"failureMessages":["Error: Invalid Chai property: toBeInTheDocument\n    at Object.proxyGetter [as get] (file:///C:/Users/ttop5/Documents/projects/douban-lite/node_modules/chai/index.js:1639:17)\n    at C:\\Users\\ttop5\\Documents\\projects\\douban-lite\\apps\\web\\src\\pages\\subject-detail-page.test.tsx:267:65\n    at runNextTicks (node:internal/process/task_queues:65:5)\n    at listOnTimeout (node:internal/timers:567:9)\n    at processTimers (node:internal/timers:541:7)\n    at file:///C:/Users/ttop5/Documents/projects/douban-lite/node_modules/@vitest/runner/dist/chunk-hooks.js:752:20"],"meta":{}},{"ancestorTitles":["SubjectDetailPage"],"fullName":"SubjectDetailPage collapses long music summaries behind a view-all action","status":"failed","title":"collapses long music summaries behind a view-all action","duration":30.97550000000001,"failureMessages":["Error: Invalid Chai property: toBeInTheDocument\n    at Object.proxyGetter [as get] (file:///C:/Users/ttop5/Documents/projects/douban-lite/node_modules/chai/index.js:1639:17)\n    at C:\\Users\\ttop5\\Documents\\projects\\douban-lite\\apps\\web\\src\\pages\\subject-detail-page.test.tsx:286:74\n    at runNextTicks (node:internal/process/task_queues:65:5)\n    at listOnTimeout (node:internal/timers:567:9)\n    at processTimers (node:internal/timers:541:7)\n    at file:///C:/Users/ttop5/Documents/projects/douban-lite/node_modules/@vitest/runner/dist/chunk-hooks.js:752:20"],"meta":{}},{"ancestorTitles":["SubjectDetailPage"],"fullName":"SubjectDetailPage renders book table of contents and related books","status":"failed","title":"renders book table of contents and related books","duration":1008.8766,"failureMessages":["Error: Unable to find role=\"heading\" and name \"鐩綍\"\n\nIgnored nodes: comments, script, style\n\u001b[36m<body>\u001b[39m\n  \u001b[36m<div>\u001b[39m\n    \u001b[36m<div\u001b[39m\n      \u001b[33mclass\u001b[39m=\u001b[32m\"page detail-page detail-page--with-back-button\"\u001b[39m\n    \u001b[36m>\u001b[39m\n      \u001b[36m<button\u001b[39m\n        \u001b[33maria-label\u001b[39m=\u001b[32m\"返回\"\u001b[39m\n        \u001b[33mclass\u001b[39m=\u001b[32m\"detail-back-button\"\u001b[39m\n        \u001b[33mtype\u001b[39m=\u001b[32m\"button\"\u001b[39m\n      \u001b[36m>\u001b[39m\n        \u001b[36m<span>\u001b[39m\n          \u001b[0m‹\u001b[0m\n        \u001b[36m</span>\u001b[39m\n      \u001b[36m</button>\u001b[39m\n      \u001b[36m<button\u001b[39m\n        \u001b[33maria-label\u001b[39m=\u001b[32m\"分享\"\u001b[39m\n        \u001b[33mclass\u001b[39m=\u001b[32m\"detail-share-button\"\u001b[39m\n        \u001b[33mtype\u001b[39m=\u001b[32m\"button\"\u001b[39m\n      \u001b[36m>\u001b[39m\n        \u001b[36m<svg\u001b[39m\n          \u001b[33maria-hidden\u001b[39m=\u001b[32m\"true\"\u001b[39m\n          \u001b[33mfill\u001b[39m=\u001b[32m\"none\"\u001b[39m\n          \u001b[33mheight\u001b[39m=\u001b[32m\"21\"\u001b[39m\n          \u001b[33mviewBox\u001b[39m=\u001b[32m\"0 0 24 24\"\u001b[39m\n          \u001b[33mwidth\u001b[39m=\u001b[32m\"21\"\u001b[39m\n        \u001b[36m>\u001b[39m\n          \u001b[36m<path\u001b[39m\n            \u001b[33md\u001b[39m=\u001b[32m\"M8.6 12.7 15.4 16.4\"\u001b[39m\n          \u001b[36m/>\u001b[39m\n          \u001b[36m<path\u001b[39m\n            \u001b[33md\u001b[39m=\u001b[32m\"M15.4 7.6 8.6 11.3\"\u001b[39m\n          \u001b[36m/>\u001b[39m\n          \u001b[36m<circle\u001b[39m\n            \u001b[33mcx\u001b[39m=\u001b[32m\"6.4\"\u001b[39m\n            \u001b[33mcy\u001b[39m=\u001b[32m\"12\"\u001b[39m\n            \u001b[33mr\u001b[39m=\u001b[32m\"2.4\"\u001b[39m\n          \u001b[36m/>\u001b[39m\n          \u001b[36m<circle\u001b[39m\n            \u001b[33mcx\u001b[39m=\u001b[32m\"17.6\"\u001b[39m\n            \u001b[33mcy\u001b[39m=\u001b[32m\"6.4\"\u001b[39m\n            \u001b[33mr\u001b[39m=\u001b[32m\"2.4\"\u001b[39m\n          \u001b[36m/>\u001b[39m\n          \u001b[36m<circle\u001b[39m\n            \u001b[33mcx\u001b[39m=\u001b[32m\"17.6\"\u001b[39m\n            \u001b[33mcy\u001b[39m=\u001b[32m\"17.6\"\u001b[39m\n            \u001b[33mr\u001b[39m=\u001b[32m\"2.4\"\u001b[39m\n          \u001b[36m/>\u001b[39m\n        \u001b[36m</svg>\u001b[39m\n      \u001b[36m</button>\u001b[39m\n      \u001b[36m<section\u001b[39m\n        \u001b[33mclass\u001b[39m=\u001b[32m\"detail-hero\"\u001b[39m\n      \u001b[36m>\u001b[39m\n        \u001b[36m<div\u001b[39m\n          \u001b[33mclass\u001b[39m=\u001b[32m\"detail-hero__cover\"\u001b[39m\n        \u001b[36m>\u001b[39m\n          \u001b[36m<span>\u001b[39m\n            \u001b[0m无封面\u001b[0m\n          \u001b[36m</span>\u001b[39m\n        \u001b[36m</div>\u001b[39m\n        \u001b[36m<div\u001b[39m\n          \u001b[33mclass\u001b[39m=\u001b[32m\"detail-hero__body\"\u001b[39m\n        \u001b[36m>\u001b[39m\n          \u001b[36m<h1>\u001b[39m\n            \u001b[0mBook Demo\u001b[0m\n          \u001b[36m</h1>\u001b[39m\n          \u001b[36m<p\u001b[39m\n            \u001b[33mclass\u001b[39m=\u001b[32m\"subject-card__meta\"\u001b[39m\n          \u001b[36m>\u001b[39m\n            \u001b[0m图书\u001b[0m\n            \u001b[0m / 2024\u001b[0m\n            \u001b[0m / Creator One\u001b[0m\n          \u001b[36m</p>\u001b[39m\n        \u001b[36m</div>\u001b[39m\n        \u001b[36m<div\u001b[39m\n          \u001b[33maria-label\u001b[39m=\u001b[32m\"收藏状态\"\u001b[39m\n          \u001b[33mclass\u001b[39m=\u001b[32m\"detail-hero__actions\"\u001b[39m\n        \u001b[36m>\u001b[39m\n          \u001b[36m<button\u001b[39m\n            \u001b[33mclass\u001b[39m=\u001b[32m\"detail-action is-disabled\"\u001b[39m\n            \u001b[33mtype\u001b[39m=\u001b[32m\"button\"\u001b[39m\n          \u001b[36m>\u001b[39m\n            \u001b[36m<span>\u001b[39m\n              \u001b[0m⊕\u001b[0m\n            \u001b[36m</span>\u001b[39m\n            \u001b[0m想读\u001b[0m\n          \u001b[36m</button>\u001b[39m\n          \u001b[36m<button\u001b[39m\n            \u001b[33mclass\u001b[39m=\u001b[32m\"detail-action is-disabled\"\u001b[39m\n            \u001b[33mtype\u001b[39m=\u001b[32m\"button\"\u001b[39m\n          \u001b[36m>\u001b[39m\n            \u001b[36m<span>\u001b[39m\n              \u001b[0m⊙\u001b[0m\n            \u001b[36m</span>\u001b[39m\n            \u001b[0m在读\u001b[0m\n          \u001b[36m</button>\u001b[39m\n          \u001b[36m<button\u001b[39m\n            \u001b[33mclass\u001b[39m=\u001b[32m\"detail-action is-disabled\"\u001b[39m\n            \u001b[33mtype\u001b[39m=\u001b[32m\"button\"\u001b[39m\n          \u001b[36m>\u001b[39m\n            \u001b[36m<span>\u001b[39m\n              \u001b[0m☆\u001b[0m\n            \u001b[36m</span>\u001b[39m\n            \u001b[0m读过\u001b[0m\n          \u001b[36m</button>\u001b[39m\n        \u001b[36m</div>\u001b[39m\n      \u001b[36m</section>\u001b[39m\n      \u001b[36m<section\u001b[39m\n        \u001b[33mclass\u001b[39m=\u001b[32m\"detail-rating-panel\"\u001b[39m\n      \u001b[36m>\u001b[39m\n        \u001b[36m<div\u001b[39m\n          \u001b[33mclass\u001b[39m=\u001b[32m\"detail-rating-card detail-rating-card--public-only\"\u001b[39m\n        \u001b[36m>\u001b[39m\n          \u001b[36m<div>\u001b[39m\n            \u001b[36m<span>\u001b[39m\n              \u001b[0m豆瓣评分\u001b[0m\n            \u001b[36m</span>\u001b[39m\n            \u001b[36m<div\u001b[39m\n              \u001b[33mclass\u001b[39m=\u001b[32m\"detail-rating-card__score\"\u001b[39m\n            \u001b[36m>\u001b[39m\n              \u001b[36m<strong>\u001b[39m\n                \u001b[0m8.8\u001b[0m\n              \u001b[36m</strong>\u001b[39m\n              \u001b[36m<span\u001b[39m\n                \u001b[33maria-label\u001b[39m=\u001b[32m\"4 星\"\u001b[39m\n                \u001b[33mclass\u001b[39m=\u001b[32m\"douban-stars\"\u001b[39m\n              \u001b[36m>\u001b[39m\n                \u001b[36m<span>\u001b[39m\n                  \u001b[0m★★★★\u001b[0m\n                \u001b[36m</span>\u001b[39m\n                \u001b[36m<span>\u001b[39m\n                  \u001b[0m★\u001b[0m\n                \u001b[36m</span>\u001b[39m\n              \u001b[36m</span>\u001b[39m\n            \u001b[36m</div>\u001b[39m\n            \u001b[36m<p>\u001b[39m\n              \u001b[0m来自豆瓣公开评分\u001b[0m\n            \u001b[36m</p>\u001b[39m\n          \u001b[36m</div>\u001b[39m\n          \u001b[36m<div\u001b[39m\n            \u001b[33mclass\u001b[39m=\u001b[32m\"detail-my-rating\"\u001b[39m\n          \u001b[36m>\u001b[39m\n            \u001b[36m<span>\u001b[39m\n              \u001b[0m我的评分\u001b[0m\n            \u001b[36m</span>\u001b[39m\n            \u001b[36m<div\u001b[39m\n              \u001b[33maria-label\u001b[39m=\u001b[32m\"我的评分\"\u001b[39m\n              \u001b[33mclass\u001b[39m=\u001b[32m\"detail-my-rating__stars\"\u001b[39m\n            \u001b[36m>\u001b[39m\n              \u001b[36m<button\u001b[39m\n                \u001b[33maria-label\u001b[39m=\u001b[32m\"1 星\"\u001b[39m\n                \u001b[33mclass\u001b[39m=\u001b[32m\"\"\u001b[39m\n                \u001b[33mtype\u001b[39m=\u001b[32m\"button\"\u001b[39m\n              \u001b[36m>\u001b[39m\n                \u001b[0m★\u001b[0m\n              \u001b[36m</button>\u001b[39m\n              \u001b[36m<button\u001b[39m\n                \u001b[33maria-label\u001b[39m=\u001b[32m\"2 星\"\u001b[39m\n                \u001b[33mclass\u001b[39m=\u001b[32m\"\"\u001b[39m\n                \u001b[33mtype\u001b[39m=\u001b[32m\"button\"\u001b[39m\n              \u001b[36m>\u001b[39m\n                \u001b[0m★\u001b[0m\n              \u001b[36m</button>\u001b[39m\n              \u001b[36m<button\u001b[39m\n                \u001b[33maria-label\u001b[39m=\u001b[32m\"3 星\"\u001b[39m\n                \u001b[33mclass\u001b[39m=\u001b[32m\"\"\u001b[39m\n                \u001b[33mtype\u001b[39m=\u001b[32m\"button\"\u001b[39m\n              \u001b[36m>\u001b[39m\n                \u001b[0m★\u001b[0m\n              \u001b[36m</button>\u001b[39m\n              \u001b[36m<button\u001b[39m\n                \u001b[33maria-label\u001b[39m=\u001b[32m\"4 星\"\u001b[39m\n                \u001b[33mclass\u001b[39m=\u001b[32m\"\"\u001b[39m\n                \u001b[33mtype\u001b[39m=\u001b[32m\"button\"\u001b[39m\n              \u001b[36m>\u001b[39m\n                \u001b[0m★\u001b[0m\n              \u001b[36m</button>\u001b[39m\n              \u001b[36m<button\u001b[39m\n                \u001b[33maria-label\u001b[39m=\u001b[32m\"5 星\"\u001b[39m\n                \u001b[33mclass\u001b[39m=\u001b[32m\"\"\u001b[39m\n                \u001b[33mtype\u001b[39m=\u001b[32m\"button\"\u001b[39m\n              \u001b[36m>\u001b[39m\n                \u001b[0m★\u001b[0m\n              \u001b[36m</button>\u001b[39m\n            \u001b[36m</div>\u001b[39m\n            \u001b[36m<p\u001b[39m\n              \u001b[33mclass\u001b[39m=\u001b[32m\"detail-my-rating__placeholder\"\u001b[39m\n            \u001b[36m>\u001b[39m\n              \u001b[0m登录后可以同步你的标记、评分和短评。\u001b[0m\n            \u001b[36m</p>\u001b[39m\n          \u001b[36m</div>\u001b[39m\n        \u001b[36m</div>\u001b[39m\n        \u001b[36m<p\u001b[39m\n          \u001b[33mclass\u001b[39m=\u001b[32m\"detail-current-state\"\u001b[39m\n        \u001b[36m>\u001b[39m\n          \u001b[0m当前：\u001b[0m\n          \u001b[0m未标记\u001b[0m\n        \u001b[36m</p>\u001b[39m\n        \u001b[36m<p\u001b[39m\n          \u001b[33mclass\u001b[39m=\u001b[32m\"notice\"\u001b[39m\n        \u001b[36m>\u001b[39m\n          \u001b[0m请先登录豆瓣后再标记和评分。\u001b[0m\n          \u001b[36m<button\u001b[39m\n            \u001b[33mclass\u001b[39m=\u001b[32m\"notice-link\"\u001b[39m\n            \u001b[33mtype\u001b[39m=\u001b[32m\"button\"\u001b[39m\n          \u001b[36m>\u001b[39m\n            \u001b[0m去登录\u001b[0m\n          \u001b[36m</button>\u001b[39m\n        \u001b[36m</p>\u001b[39m\n      \u001b[36m</section>\u001b[39m\n      \u001b[36m<section\u001b[39m\n        \u001b[33mclass\u001b[39m=\u001b[32m\"detail-section detail-summary-section\"\u001b[39m\n      \u001b[36m>\u001b[39m\n        \u001b[36m<h2>\u001b[39m\n          \u001b[0m剧情简介\u001b[0m\n        \u001b[36m</h2>\u001b[39m\n        \u001b[36m<div\u001b[39m\n          \u001b[33mclass\u001b[39m=\u001b[32m\"detail-summary-wrap\"\u001b[39m\n        \u001b[36m>\u001b[39m\n          \u001b[36m<p>\u001b[39m\n            \u001b[0mBook Demo summary\u001b[0m\n          \u001b[36m</p>\u001b[39m\n        \u001b[36m</div>\u001b[39m\n      \u001b[36m</section>\u001b[39m\n      \u001b[36m<section\u001b[39m\n        \u001b[33mclass\u001b[39m=\u001b[32m\"detail-section\"\u001b[39m\n      \u001b[36m>\u001b[39m\n        \u001b[36m<div\u001b[39m\n          \u001b[33mclass\u001b[39m=\u001b[32m\"detail-section__header\"\u001b[39m\n        \u001b[36m>\u001b[39m\n          \u001b[36m<h2>\u001b[39m\n            \u001b[0m目录\u001b[0m\n          \u001b[36m</h2>\u001b[39m\n        \u001b[36m</div>\u001b[39m\n        \u001b[36m<div\u001b[39m\n          \u001b[33mclass\u001b[39m=\u001b[32m\"detail-list-wrap detail-list-wrap--collapsed\"\u001b[39m\n        \u001b[36m>\u001b[39m\n          \u001b[36m<ul\u001b[39m\n            \u001b[33mclass\u001b[39m=\u001b[32m\"detail-list\"\u001b[39m\n          \u001b[36m>\u001b[39m\n            \u001b[36m<li>\u001b[39m\n              \u001b[0mChapter 1\u001b[0m\n            \u001b[36m</li>\u001b[39m\n            \u001b[36m<li>\u001b[39m\n              \u001b[0mChapter 2\u001b[0m\n            \u001b[36m</li>\u001b[39m\n            \u001b[36m<li>\u001b[39m\n              \u001b[0mChapter 3\u001b[0m\n            \u001b[36m</li>\u001b[39m\n            \u001b[36m<li>\u001b[39m\n              \u001b[0mChapter 4\u001b[0m\n            \u001b[36m</li>\u001b[39m\n            \u001b[36m<li>\u001b[39m\n              \u001b[0mChapter 5\u001b[0m\n            \u001b[36m</li>\u001b[39m\n            \u001b[36m<li>\u001b[39m\n              \u001b[0mChapter 6\u001b[0m\n            \u001b[36m</li>\u001b[39m\n            \u001b[36m<li>\u001b[39m\n              \u001b[0mChapter 7\u001b[0m\n            \u001b[36m</li>\u001b[39m\n            \u001b[36m<li>\u001b[39m\n              \u001b[0mChapter 8\u001b[0m\n            \u001b[36m</li>\u001b[39m\n            \u001b[36m<li>\u001b[39m\n              \u001b[0mChapter 9\u001b[0m\n            \u001b[36m</li>\u001b[39m\n            \u001b[36m<li>\u001b[39m\n              \u001b[0mChapter 10\u001b[0m\n            \u001b[36m</li>\u001b[39m\n            \u001b[36m<li>\u001b[39m\n              \u001b[0mChapter 11\u001b[0m\n            \u001b[36m</li>\u001b[39m\n            \u001b[36m<li>\u001b[39m\n              \u001b[0mChapter 12\u001b[0m\n            \u001b[36m</li>\u001b[39m\n          \u001b[36m</ul>\u001b[39m\n        \u001b[36m</div>\u001b[39m\n        \u001b[36m<div\u001b[39m\n          \u001b[33mclass\u001b[39m=\u001b[32m\"detail-section__footer\"\u001b[39m\n        \u001b[36m>\u001b[39m\n          \u001b[36m<button\u001b[39m\n            \u001b[33mclass\u001b[39m=\u001b[32m\"detail-more-button\"\u001b[39m\n            \u001b[33mtype\u001b[39m=\u001b[32m\"button\"\u001b[39m\n          \u001b[36m>\u001b[39m\n            \u001b[0m查看全部\u001b[0m\n          \u001b[36m</button>\u001b[39m\n        \u001b[36m</div>\u001b[39m\n      \u001b[36m</section>\u001b[39m\n      \u001b[36m<section\u001b[39m\n        \u001b[33mclass\u001b[39m=\u001b[32m\"detail-section\"\u001b[39m\n      \u001b[36m>\u001b[39m\n        \u001b[36m<div\u001b[39m\n          \u001b[33mclass\u001b[39m=\u001b[32m\"detail-section__header\"\u001b[39m\n        \u001b[36m>\u001b[39m\n          \u001b[36m<h2>\u001b[39m\n            \u001b[0m喜欢读此书的人也喜欢\u001b[0m\n          \u001b[36m</h2>\u001b[39m\n        \u001b[36m</div>\u001b[39m\n        \u001b[36m<div\u001b[39m\n          \u001b[33mclass\u001b[39m=\u001b[32m\"detail-related-grid\"\u001b[39m\n        \u001b[36m>\u001b[39m\n          \u001b[36m<a\u001b[39m\n            \u001b[33mclass\u001b[39m=\u001b[32m\"subject-card subject-card--related\"\u001b[39m\n            \u001b[33mdata-discover\u001b[39m=\u001b[32m\"true\"\u001b[39m\n            \u001b[33mhref\u001b[39m=\u001b[32m\"/subject/book/1003078\"\u001b[39m\n          \u001b[36m>\u001b[39m\n            \u001b[36m<div\u001b[39m\n              \u001b[33mclass\u001b[39m=\u001b[32m\"subject-card__cover\"\u001b[39m\n            \u001b[36m>\u001b[39m\n              \u001b[36m<span>\u001b[39m\n                \u001b[0m无封面\u001b[0m\n              \u001b[36m</span>\u001b[39m\n            \u001b[36m</div>\u001b[39m\n            \u001b[36m<div\u001b[39m\n              \u001b[33mclass\u001b[39m=\u001b[32m\"subject-card__body\"\u001b[39m\n            \u001b[36m>\u001b[39m\n              \u001b[36m<div\u001b[39m\n                \u001b[33mclass\u001b[39m=\u001b[32m\"subject-card__header\"\u001b[39m\n              \u001b[36m>\u001b[39m\n                \u001b[36m<h3>\u001b[39m\n                  \u001b[0mRelated Book\u001b[0m\n                \u001b[36m</h3>\u001b[39m\n                \u001b[36m<span>\u001b[39m\n                  \u001b[0m2024\u001b[0m\n                \u001b[36m</span>\u001b[39m\n              \u001b[36m</div>\u001b[39m\n              \u001b[36m<p\u001b[39m\n                \u001b[33mclass\u001b[39m=\u001b[32m\"subject-card__meta\"\u001b[39m\n              \u001b[36m>\u001b[39m\n                \u001b[36m<span\u001b[39m\n                  \u001b[33mclass\u001b[39m=\u001b[32m\"subject-card__meta-score\"\u001b[39m\n                \u001b[36m>\u001b[39m\n                  \u001b[0m豆瓣 8.8\u001b[0m\n                \u001b[36m</span>\u001b[39m\n                \u001b[36m<span\u001b[39m\n                  \u001b[33mclass\u001b[39m=\u001b[32m\"subject-card__meta-details\"\u001b[39m\n                \u001b[36m>\u001b[39m\n                  \u001b[0mCreator One\u001b[0m\n                \u001b[36m</span>\u001b[39m\n              \u001b[36m</p>\u001b[39m\n              \u001b[36m<div\u001b[39m\n                \u001b[33mclass\u001b[39m=\u001b[32m\"subject-card__extra\"\u001b[39m\n              \u001b[36m>\u001b[39m\n                \u001b[36m<div\u001b[39m\n                  \u001b[33mclass\u001b[39m=\u001b[32m\"subject-card__meta-list\"\u001b[39m\n                \u001b[36m>\u001b[39m\n                  \u001b[36m<span\u001b[39m\n                    \u001b[33mclass\u001b[39m=\u001b[32m\"subject-card__meta-chip\"\u001b[39m\n                  \u001b[36m>\u001b[39m\n                    \u001b[0m2024\u001b[0m\n                  \u001b[36m</span>\u001b[39m\n                \u001b[36m</div>\u001b[39m\n              \u001b[36m</div>\u001b[39m\n            \u001b[36m</div>\u001b[39m\n          \u001b[36m</a>\u001b[39m\n        \u001b[36m</div>\u001b[39m\n      \u001b[36m</section>\u001b[39m\n      \u001b[36m<section\u001b[39m\n        \u001b[33mclass\u001b[39m=\u001b[32m\"detail-section comments-panel\"\u001b[39m\n      \u001b[36m>\u001b[39m\n        \u001b[36m<div\u001b[39m\n          \u001b[33mclass\u001b[39m=\u001b[32m\"comments-panel__header\"\u001b[39m\n        \u001b[36m>\u001b[39m\n          \u001b[36m<div>\u001b[39m\n            \u001b[36m<h2>\u001b[39m\n              \u001b[0m短评\u001b[0m\n            \u001b[36m</h2>\u001b[39m\n          \u001b[36m</div>\u001b[39m\n        \u001b[36m</div>\u001b[39m\n        \u001b[36m<div\u001b[39m\n          \u001b[33mclass\u001b[39m=\u001b[32m\"comment-list-lite\"\u001b[39m\n        \u001b[36m>\u001b[39m\n          \u001b[36m<article\u001b[39m\n            \u001b[33mclass\u001b[39m=\u001b[32m\"comment-card\"\u001b[39m\n          \u001b[36m>\u001b[39m\n            \u001b[36m<div\u001b[39m\n              \u001b[33mclass\u001b[39m=\u001b[32m\"comment-card__meta\"\u001b[39m\n            \u001b[36m>\u001b[39m\n              \u001b[36m<span\u001b[39m\n                \u001b[33mclass\u001b[39m=\u001b[32m\"comment-card__avatar\"\u001b[39m\n              \u001b[36m>\u001b[39m\n                \u001b[0mC\u001b[0m\n              \u001b[36m</span>\u001b[39m\n              \u001b[36m<div\u001b[39m\n                \u001b[33mclass\u001b[39m=\u001b[32m\"comment-card__identity\"\u001b[39m\n              \u001b[36m>\u001b[39m\n                \u001b[36m<strong>\u001b[39m\n                  \u001b[0mCommenter\u001b[0m\n                \u001b[36m</strong>\u001b[39m\n                \u001b[36m<div\u001b[39m\n                  \u001b[33mclass\u001b[39m=\u001b[32m\"comment-card__submeta\"\u001b[39m\n                \u001b[36m>\u001b[39m\n                  \u001b[36m<div\u001b[39m\n                    \u001b[33mclass\u001b[39m=\u001b[32m\"comment-card__submeta-main\"\u001b[39m\n                  \u001b[36m>\u001b[39m\n                    \u001b[36m<span\u001b[39m\n                      \u001b[33maria-label\u001b[39m=\u001b[32m\"0 星\"\u001b[39m\n                      \u001b[33mclass\u001b[39m=\u001b[32m\"douban-stars\"\u001b[39m\n                    \u001b[36m>\u001b[39m\n                      \u001b[36m<span />\u001b[39m\n                      \u001b[36m<span>\u001b[39m\n                        \u001b[0m★★★★★\u001b[0m\n                      \u001b[36m</span>\u001b[39m\n                    \u001b[36m</span>\u001b[39m\n                  \u001b[36m</div>\u001b[39m\n                  \u001b[36m<time>\u001b[39m\n                    \u001b[0m2026-05-13\u001b[0m\n                  \u001b[36m</time>\u001b[39m\n                \u001b[36m</div>\u001b[39m\n              \u001b[36m</div>\u001b[39m\n            \u001b[36m</div>\u001b[39m\n            \u001b[36m<p>\u001b[39m\n              \u001b[0mNice detail page\u001b[0m\n            \u001b[36m</p>\u001b[39m\n            \u001b[36m<span\u001b[39m\n              \u001b[33mclass\u001b[39m=\u001b[32m\"comment-card__votes\"\u001b[39m\n            \u001b[36m>\u001b[39m\n              \u001b[0m♡\u001b[0m\n              \u001b[0m \u001b[0m\n              \u001b[0m3\u001b[0m\n            \u001b[36m</span>\u001b[39m\n          \u001b[36m</article>\u001b[39m\n        \u001b[36m</div>\u001b[39m\n        \u001b[36m<p\u001b[39m\n          \u001b[33mclass\u001b[39m=\u001b[32m\"empty-state\"\u001b[39m\n        \u001b[36m>\u001b[39m\n          \u001b[0m没有更多短评了。\u001b[0m\n        \u001b[36m</p>\u001b[39m\n      \u001b[36m</section>\u001b[39m\n    \u001b[36m</div>\u001b[39m\n  \u001b[36m</div>\u001b[39m\n\u001b[36m</body>\u001b[39m\n    at waitForWrapper (C:\\Users\\ttop5\\Documents\\projects\\douban-lite\\node_modules\\@testing-library\\dom\\dist\\wait-for.js:163:27)\n    at C:\\Users\\ttop5\\Documents\\projects\\douban-lite\\node_modules\\@testing-library\\dom\\dist\\query-helpers.js:86:33\n    at C:\\Users\\ttop5\\Documents\\projects\\douban-lite\\apps\\web\\src\\pages\\subject-detail-page.test.tsx:306:25\n    at file:///C:/Users/ttop5/Documents/projects/douban-lite/node_modules/@vitest/runner/dist/chunk-hooks.js:155:11\n    at file:///C:/Users/ttop5/Documents/projects/douban-lite/node_modules/@vitest/runner/dist/chunk-hooks.js:752:26\n    at file:///C:/Users/ttop5/Documents/projects/douban-lite/node_modules/@vitest/runner/dist/chunk-hooks.js:1897:20\n    at new Promise (<anonymous>)\n    at runWithTimeout (file:///C:/Users/ttop5/Documents/projects/douban-lite/node_modules/@vitest/runner/dist/chunk-hooks.js:1863:10)\n    at runTest (file:///C:/Users/ttop5/Documents/projects/douban-lite/node_modules/@vitest/runner/dist/chunk-hooks.js:1574:12)\n    at runNextTicks (node:internal/process/task_queues:65:5)"],"meta":{}},{"ancestorTitles":["SubjectDetailPage"],"fullName":"SubjectDetailPage renders game media and related games","status":"failed","title":"renders game media and related games","duration":1020.3834000000002,"failureMessages":["Error: Unable to find role=\"heading\" and name \"瑙嗛 / 鍥剧墖\"\n\nIgnored nodes: comments, script, style\n\u001b[36m<body>\u001b[39m\n  \u001b[36m<div>\u001b[39m\n    \u001b[36m<div\u001b[39m\n      \u001b[33mclass\u001b[39m=\u001b[32m\"page detail-page detail-page--with-back-button\"\u001b[39m\n    \u001b[36m>\u001b[39m\n      \u001b[36m<button\u001b[39m\n        \u001b[33maria-label\u001b[39m=\u001b[32m\"返回\"\u001b[39m\n        \u001b[33mclass\u001b[39m=\u001b[32m\"detail-back-button\"\u001b[39m\n        \u001b[33mtype\u001b[39m=\u001b[32m\"button\"\u001b[39m\n      \u001b[36m>\u001b[39m\n        \u001b[36m<span>\u001b[39m\n          \u001b[0m‹\u001b[0m\n        \u001b[36m</span>\u001b[39m\n      \u001b[36m</button>\u001b[39m\n      \u001b[36m<button\u001b[39m\n        \u001b[33maria-label\u001b[39m=\u001b[32m\"分享\"\u001b[39m\n        \u001b[33mclass\u001b[39m=\u001b[32m\"detail-share-button\"\u001b[39m\n        \u001b[33mtype\u001b[39m=\u001b[32m\"button\"\u001b[39m\n      \u001b[36m>\u001b[39m\n        \u001b[36m<svg\u001b[39m\n          \u001b[33maria-hidden\u001b[39m=\u001b[32m\"true\"\u001b[39m\n          \u001b[33mfill\u001b[39m=\u001b[32m\"none\"\u001b[39m\n          \u001b[33mheight\u001b[39m=\u001b[32m\"21\"\u001b[39m\n          \u001b[33mviewBox\u001b[39m=\u001b[32m\"0 0 24 24\"\u001b[39m\n          \u001b[33mwidth\u001b[39m=\u001b[32m\"21\"\u001b[39m\n        \u001b[36m>\u001b[39m\n          \u001b[36m<path\u001b[39m\n            \u001b[33md\u001b[39m=\u001b[32m\"M8.6 12.7 15.4 16.4\"\u001b[39m\n          \u001b[36m/>\u001b[39m\n          \u001b[36m<path\u001b[39m\n            \u001b[33md\u001b[39m=\u001b[32m\"M15.4 7.6 8.6 11.3\"\u001b[39m\n          \u001b[36m/>\u001b[39m\n          \u001b[36m<circle\u001b[39m\n            \u001b[33mcx\u001b[39m=\u001b[32m\"6.4\"\u001b[39m\n            \u001b[33mcy\u001b[39m=\u001b[32m\"12\"\u001b[39m\n            \u001b[33mr\u001b[39m=\u001b[32m\"2.4\"\u001b[39m\n          \u001b[36m/>\u001b[39m\n          \u001b[36m<circle\u001b[39m\n            \u001b[33mcx\u001b[39m=\u001b[32m\"17.6\"\u001b[39m\n            \u001b[33mcy\u001b[39m=\u001b[32m\"6.4\"\u001b[39m\n            \u001b[33mr\u001b[39m=\u001b[32m\"2.4\"\u001b[39m\n          \u001b[36m/>\u001b[39m\n          \u001b[36m<circle\u001b[39m\n            \u001b[33mcx\u001b[39m=\u001b[32m\"17.6\"\u001b[39m\n            \u001b[33mcy\u001b[39m=\u001b[32m\"17.6\"\u001b[39m\n            \u001b[33mr\u001b[39m=\u001b[32m\"2.4\"\u001b[39m\n          \u001b[36m/>\u001b[39m\n        \u001b[36m</svg>\u001b[39m\n      \u001b[36m</button>\u001b[39m\n      \u001b[36m<section\u001b[39m\n        \u001b[33mclass\u001b[39m=\u001b[32m\"detail-hero\"\u001b[39m\n      \u001b[36m>\u001b[39m\n        \u001b[36m<div\u001b[39m\n          \u001b[33mclass\u001b[39m=\u001b[32m\"detail-hero__cover\"\u001b[39m\n        \u001b[36m>\u001b[39m\n          \u001b[36m<span>\u001b[39m\n            \u001b[0m无封面\u001b[0m\n          \u001b[36m</span>\u001b[39m\n        \u001b[36m</div>\u001b[39m\n        \u001b[36m<div\u001b[39m\n          \u001b[33mclass\u001b[39m=\u001b[32m\"detail-hero__body\"\u001b[39m\n        \u001b[36m>\u001b[39m\n          \u001b[36m<h1>\u001b[39m\n            \u001b[0mGame Demo\u001b[0m\n          \u001b[36m</h1>\u001b[39m\n          \u001b[36m<p\u001b[39m\n            \u001b[33mclass\u001b[39m=\u001b[32m\"subject-card__meta\"\u001b[39m\n          \u001b[36m>\u001b[39m\n            \u001b[0m游戏\u001b[0m\n            \u001b[0m / 2024\u001b[0m\n            \u001b[0m / Creator One\u001b[0m\n          \u001b[36m</p>\u001b[39m\n        \u001b[36m</div>\u001b[39m\n        \u001b[36m<div\u001b[39m\n          \u001b[33maria-label\u001b[39m=\u001b[32m\"收藏状态\"\u001b[39m\n          \u001b[33mclass\u001b[39m=\u001b[32m\"detail-hero__actions\"\u001b[39m\n        \u001b[36m>\u001b[39m\n          \u001b[36m<button\u001b[39m\n            \u001b[33mclass\u001b[39m=\u001b[32m\"detail-action is-disabled\"\u001b[39m\n            \u001b[33mtype\u001b[39m=\u001b[32m\"button\"\u001b[39m\n          \u001b[36m>\u001b[39m\n            \u001b[36m<span>\u001b[39m\n              \u001b[0m⊕\u001b[0m\n            \u001b[36m</span>\u001b[39m\n            \u001b[0m想玩\u001b[0m\n          \u001b[36m</button>\u001b[39m\n          \u001b[36m<button\u001b[39m\n            \u001b[33mclass\u001b[39m=\u001b[32m\"detail-action is-disabled\"\u001b[39m\n            \u001b[33mtype\u001b[39m=\u001b[32m\"button\"\u001b[39m\n          \u001b[36m>\u001b[39m\n            \u001b[36m<span>\u001b[39m\n              \u001b[0m⊙\u001b[0m\n            \u001b[36m</span>\u001b[39m\n            \u001b[0m在玩\u001b[0m\n          \u001b[36m</button>\u001b[39m\n          \u001b[36m<button\u001b[39m\n            \u001b[33mclass\u001b[39m=\u001b[32m\"detail-action is-disabled\"\u001b[39m\n            \u001b[33mtype\u001b[39m=\u001b[32m\"button\"\u001b[39m\n          \u001b[36m>\u001b[39m\n            \u001b[36m<span>\u001b[39m\n              \u001b[0m☆\u001b[0m\n            \u001b[36m</span>\u001b[39m\n            \u001b[0m玩过\u001b[0m\n          \u001b[36m</button>\u001b[39m\n        \u001b[36m</div>\u001b[39m\n      \u001b[36m</section>\u001b[39m\n      \u001b[36m<section\u001b[39m\n        \u001b[33mclass\u001b[39m=\u001b[32m\"detail-rating-panel\"\u001b[39m\n      \u001b[36m>\u001b[39m\n        \u001b[36m<div\u001b[39m\n          \u001b[33mclass\u001b[39m=\u001b[32m\"detail-rating-card detail-rating-card--public-only\"\u001b[39m\n        \u001b[36m>\u001b[39m\n          \u001b[36m<div>\u001b[39m\n            \u001b[36m<span>\u001b[39m\n              \u001b[0m豆瓣评分\u001b[0m\n            \u001b[36m</span>\u001b[39m\n            \u001b[36m<div\u001b[39m\n              \u001b[33mclass\u001b[39m=\u001b[32m\"detail-rating-card__score\"\u001b[39m\n            \u001b[36m>\u001b[39m\n              \u001b[36m<strong>\u001b[39m\n                \u001b[0m8.8\u001b[0m\n              \u001b[36m</strong>\u001b[39m\n              \u001b[36m<span\u001b[39m\n                \u001b[33maria-label\u001b[39m=\u001b[32m\"4 星\"\u001b[39m\n                \u001b[33mclass\u001b[39m=\u001b[32m\"douban-stars\"\u001b[39m\n              \u001b[36m>\u001b[39m\n                \u001b[36m<span>\u001b[39m\n                  \u001b[0m★★★★\u001b[0m\n                \u001b[36m</span>\u001b[39m\n                \u001b[36m<span>\u001b[39m\n                  \u001b[0m★\u001b[0m\n                \u001b[36m</span>\u001b[39m\n              \u001b[36m</span>\u001b[39m\n            \u001b[36m</div>\u001b[39m\n            \u001b[36m<p>\u001b[39m\n              \u001b[0m来自豆瓣公开评分\u001b[0m\n            \u001b[36m</p>\u001b[39m\n          \u001b[36m</div>\u001b[39m\n          \u001b[36m<div\u001b[39m\n            \u001b[33mclass\u001b[39m=\u001b[32m\"detail-my-rating\"\u001b[39m\n          \u001b[36m>\u001b[39m\n            \u001b[36m<span>\u001b[39m\n              \u001b[0m我的评分\u001b[0m\n            \u001b[36m</span>\u001b[39m\n            \u001b[36m<div\u001b[39m\n              \u001b[33maria-label\u001b[39m=\u001b[32m\"我的评分\"\u001b[39m\n              \u001b[33mclass\u001b[39m=\u001b[32m\"detail-my-rating__stars\"\u001b[39m\n            \u001b[36m>\u001b[39m\n              \u001b[36m<button\u001b[39m\n                \u001b[33maria-label\u001b[39m=\u001b[32m\"1 星\"\u001b[39m\n                \u001b[33mclass\u001b[39m=\u001b[32m\"\"\u001b[39m\n                \u001b[33mtype\u001b[39m=\u001b[32m\"button\"\u001b[39m\n              \u001b[36m>\u001b[39m\n                \u001b[0m★\u001b[0m\n              \u001b[36m</button>\u001b[39m\n              \u001b[36m<button\u001b[39m\n                \u001b[33maria-label\u001b[39m=\u001b[32m\"2 星\"\u001b[39m\n                \u001b[33mclass\u001b[39m=\u001b[32m\"\"\u001b[39m\n                \u001b[33mtype\u001b[39m=\u001b[32m\"button\"\u001b[39m\n              \u001b[36m>\u001b[39m\n                \u001b[0m★\u001b[0m\n              \u001b[36m</button>\u001b[39m\n              \u001b[36m<button\u001b[39m\n                \u001b[33maria-label\u001b[39m=\u001b[32m\"3 星\"\u001b[39m\n                \u001b[33mclass\u001b[39m=\u001b[32m\"\"\u001b[39m\n                \u001b[33mtype\u001b[39m=\u001b[32m\"button\"\u001b[39m\n              \u001b[36m>\u001b[39m\n                \u001b[0m★\u001b[0m\n              \u001b[36m</button>\u001b[39m\n              \u001b[36m<button\u001b[39m\n                \u001b[33maria-label\u001b[39m=\u001b[32m\"4 星\"\u001b[39m\n                \u001b[33mclass\u001b[39m=\u001b[32m\"\"\u001b[39m\n                \u001b[33mtype\u001b[39m=\u001b[32m\"button\"\u001b[39m\n              \u001b[36m>\u001b[39m\n                \u001b[0m★\u001b[0m\n              \u001b[36m</button>\u001b[39m\n              \u001b[36m<button\u001b[39m\n                \u001b[33maria-label\u001b[39m=\u001b[32m\"5 星\"\u001b[39m\n                \u001b[33mclass\u001b[39m=\u001b[32m\"\"\u001b[39m\n                \u001b[33mtype\u001b[39m=\u001b[32m\"button\"\u001b[39m\n              \u001b[36m>\u001b[39m\n                \u001b[0m★\u001b[0m\n              \u001b[36m</button>\u001b[39m\n            \u001b[36m</div>\u001b[39m\n            \u001b[36m<p\u001b[39m\n              \u001b[33mclass\u001b[39m=\u001b[32m\"detail-my-rating__placeholder\"\u001b[39m\n            \u001b[36m>\u001b[39m\n              \u001b[0m登录后可以同步你的标记、评分和短评。\u001b[0m\n            \u001b[36m</p>\u001b[39m\n          \u001b[36m</div>\u001b[39m\n        \u001b[36m</div>\u001b[39m\n        \u001b[36m<p\u001b[39m\n          \u001b[33mclass\u001b[39m=\u001b[32m\"detail-current-state\"\u001b[39m\n        \u001b[36m>\u001b[39m\n          \u001b[0m当前：\u001b[0m\n          \u001b[0m未标记\u001b[0m\n        \u001b[36m</p>\u001b[39m\n        \u001b[36m<p\u001b[39m\n          \u001b[33mclass\u001b[39m=\u001b[32m\"notice\"\u001b[39m\n        \u001b[36m>\u001b[39m\n          \u001b[0m请先登录豆瓣后再标记和评分。\u001b[0m\n          \u001b[36m<button\u001b[39m\n            \u001b[33mclass\u001b[39m=\u001b[32m\"notice-link\"\u001b[39m\n            \u001b[33mtype\u001b[39m=\u001b[32m\"button\"\u001b[39m\n          \u001b[36m>\u001b[39m\n            \u001b[0m去登录\u001b[0m\n          \u001b[36m</button>\u001b[39m\n        \u001b[36m</p>\u001b[39m\n      \u001b[36m</section>\u001b[39m\n      \u001b[36m<section\u001b[39m\n        \u001b[33mclass\u001b[39m=\u001b[32m\"detail-section detail-summary-section\"\u001b[39m\n      \u001b[36m>\u001b[39m\n        \u001b[36m<h2>\u001b[39m\n          \u001b[0m剧情简介\u001b[0m\n        \u001b[36m</h2>\u001b[39m\n        \u001b[36m<div\u001b[39m\n          \u001b[33mclass\u001b[39m=\u001b[32m\"detail-summary-wrap\"\u001b[39m\n        \u001b[36m>\u001b[39m\n          \u001b[36m<p>\u001b[39m\n            \u001b[0mGame Demo summary\u001b[0m\n          \u001b[36m</p>\u001b[39m\n        \u001b[36m</div>\u001b[39m\n      \u001b[36m</section>\u001b[39m\n      \u001b[36m<section\u001b[39m\n        \u001b[33mclass\u001b[39m=\u001b[32m\"detail-section\"\u001b[39m\n      \u001b[36m>\u001b[39m\n        \u001b[36m<div\u001b[39m\n          \u001b[33mclass\u001b[39m=\u001b[32m\"detail-section__header\"\u001b[39m\n        \u001b[36m>\u001b[39m\n          \u001b[36m<h2>\u001b[39m\n            \u001b[0m视频 / 图片\u001b[0m\n          \u001b[36m</h2>\u001b[39m\n        \u001b[36m</div>\u001b[39m\n        \u001b[36m<div\u001b[39m\n          \u001b[33mclass\u001b[39m=\u001b[32m\"detail-media-grid\"\u001b[39m\n        \u001b[36m>\u001b[39m\n          \u001b[36m<a\u001b[39m\n            \u001b[33mclass\u001b[39m=\u001b[32m\"detail-media-card\"\u001b[39m\n            \u001b[33mhref\u001b[39m=\u001b[32m\"https://www.douban.com/game/21355730/video/1/\"\u001b[39m\n            \u001b[33mrel\u001b[39m=\u001b[32m\"noreferrer\"\u001b[39m\n            \u001b[33mtarget\u001b[39m=\u001b[32m\"_blank\"\u001b[39m\n          \u001b[36m>\u001b[39m\n            \u001b[36m<span\u001b[39m\n              \u001b[33mclass\u001b[39m=\u001b[32m\"detail-media-card__thumb\"\u001b[39m\n            \u001b[36m>\u001b[39m\n              \u001b[36m<img\u001b[39m\n                \u001b[33malt\u001b[39m=\u001b[32m\"Gameplay video\"\u001b[39m\n                \u001b[33mloading\u001b[39m=\u001b[32m\"lazy\"\u001b[39m\n                \u001b[33msrc\u001b[39m=\u001b[32m\"/api/image?url=https%3A%2F%2Fimg.example.test%2Fgame-video.jpg\"\u001b[39m\n              \u001b[36m/>\u001b[39m\n            \u001b[36m</span>\u001b[39m\n            \u001b[36m<span\u001b[39m\n              \u001b[33mclass\u001b[39m=\u001b[32m\"detail-media-card__meta\"\u001b[39m\n            \u001b[36m>\u001b[39m\n              \u001b[36m<strong>\u001b[39m\n                \u001b[0mGameplay video\u001b[0m\n              \u001b[36m</strong>\u001b[39m\n              \u001b[36m<span>\u001b[39m\n                \u001b[0m视频\u001b[0m\n              \u001b[36m</span>\u001b[39m\n            \u001b[36m</span>\u001b[39m\n          \u001b[36m</a>\u001b[39m\n          \u001b[36m<button\u001b[39m\n            \u001b[33mclass\u001b[39m=\u001b[32m\"detail-media-card detail-media-card--button\"\u001b[39m\n            \u001b[33mtype\u001b[39m=\u001b[32m\"button\"\u001b[39m\n          \u001b[36m>\u001b[39m\n            \u001b[36m<span\u001b[39m\n              \u001b[33mclass\u001b[39m=\u001b[32m\"detail-media-card__thumb\"\u001b[39m\n            \u001b[36m>\u001b[39m\n              \u001b[36m<img\u001b[39m\n                \u001b[33malt\u001b[39m=\u001b[32m\"Screenshot\"\u001b[39m\n                \u001b[33mloading\u001b[39m=\u001b[32m\"lazy\"\u001b[39m\n                \u001b[33msrc\u001b[39m=\u001b[32m\"/api/image?url=https%3A%2F%2Fimg.example.test%2Fgame-photo.jpg\"\u001b[39m\n              \u001b[36m/>\u001b[39m\n            \u001b[36m</span>\u001b[39m\n            \u001b[36m<span\u001b[39m\n              \u001b[33mclass\u001b[39m=\u001b[32m\"detail-media-card__meta\"\u001b[39m\n            \u001b[36m>\u001b[39m\n              \u001b[36m<strong>\u001b[39m\n                \u001b[0mScreenshot\u001b[0m\n              \u001b[36m</strong>\u001b[39m\n              \u001b[36m<span>\u001b[39m\n                \u001b[0m图片\u001b[0m\n              \u001b[36m</span>\u001b[39m\n            \u001b[36m</span>\u001b[39m\n          \u001b[36m</button>\u001b[39m\n        \u001b[36m</div>\u001b[39m\n      \u001b[36m</section>\u001b[39m\n      \u001b[36m<section\u001b[39m\n        \u001b[33mclass\u001b[39m=\u001b[32m\"detail-section\"\u001b[39m\n      \u001b[36m>\u001b[39m\n        \u001b[36m<div\u001b[39m\n          \u001b[33mclass\u001b[39m=\u001b[32m\"detail-section__header\"\u001b[39m\n        \u001b[36m>\u001b[39m\n          \u001b[36m<h2>\u001b[39m\n            \u001b[0m喜欢此游戏的人也喜欢\u001b[0m\n          \u001b[36m</h2>\u001b[39m\n        \u001b[36m</div>\u001b[39m\n        \u001b[36m<div\u001b[39m\n          \u001b[33mclass\u001b[39m=\u001b[32m\"detail-related-grid\"\u001b[39m\n        \u001b[36m>\u001b[39m\n          \u001b[36m<a\u001b[39m\n            \u001b[33mclass\u001b[39m=\u001b[32m\"subject-card subject-card--related\"\u001b[39m\n            \u001b[33mdata-discover\u001b[39m=\u001b[32m\"true\"\u001b[39m\n            \u001b[33mhref\u001b[39m=\u001b[32m\"/subject/game/26791492\"\u001b[39m\n          \u001b[36m>\u001b[39m\n            \u001b[36m<div\u001b[39m\n              \u001b[33mclass\u001b[39m=\u001b[32m\"subject-card__cover\"\u001b[39m\n            \u001b[36m>\u001b[39m\n              \u001b[36m<span>\u001b[39m\n                \u001b[0m无封面\u001b[0m\n              \u001b[36m</span>\u001b[39m\n            \u001b[36m</div>\u001b[39m\n            \u001b[36m<div\u001b[39m\n              \u001b[33mclass\u001b[39m=\u001b[32m\"subject-card__body\"\u001b[39m\n            \u001b[36m>\u001b[39m\n              \u001b[36m<div\u001b[39m\n                \u001b[33mclass\u001b[39m=\u001b[32m\"subject-card__header\"\u001b[39m\n              \u001b[36m>\u001b[39m\n                \u001b[36m<h3>\u001b[39m\n                  \u001b[0mRelated Game\u001b[0m\n                \u001b[36m</h3>\u001b[39m\n                \u001b[36m<span>\u001b[39m\n                  \u001b[0m2024\u001b[0m\n                \u001b[36m</span>\u001b[39m\n              \u001b[36m</div>\u001b[39m\n              \u001b[36m<p\u001b[39m\n                \u001b[33mclass\u001b[39m=\u001b[32m\"subject-card__meta\"\u001b[39m\n              \u001b[36m>\u001b[39m\n                \u001b[36m<span\u001b[39m\n                  \u001b[33mclass\u001b[39m=\u001b[32m\"subject-card__meta-score\"\u001b[39m\n                \u001b[36m>\u001b[39m\n                  \u001b[0m豆瓣 8.8\u001b[0m\n                \u001b[36m</span>\u001b[39m\n                \u001b[36m<span\u001b[39m\n                  \u001b[33mclass\u001b[39m=\u001b[32m\"subject-card__meta-details\"\u001b[39m\n                \u001b[36m>\u001b[39m\n                  \u001b[0mCreator One\u001b[0m\n                \u001b[36m</span>\u001b[39m\n              \u001b[36m</p>\u001b[39m\n              \u001b[36m<div\u001b[39m\n                \u001b[33mclass\u001b[39m=\u001b[32m\"subject-card__extra\"\u001b[39m\n              \u001b[36m>\u001b[39m\n                \u001b[36m<div\u001b[39m\n                  \u001b[33mclass\u001b[39m=\u001b[32m\"subject-card__meta-list\"\u001b[39m\n                \u001b[36m>\u001b[39m\n                  \u001b[36m<span\u001b[39m\n                    \u001b[33mclass\u001b[39m=\u001b[32m\"subject-card__meta-chip\"\u001b[39m\n                  \u001b[36m>\u001b[39m\n                    \u001b[0m2024\u001b[0m\n                  \u001b[36m</span>\u001b[39m\n                \u001b[36m</div>\u001b[39m\n              \u001b[36m</div>\u001b[39m\n            \u001b[36m</div>\u001b[39m\n          \u001b[36m</a>\u001b[39m\n        \u001b[36m</div>\u001b[39m\n      \u001b[36m</section>\u001b[39m\n      \u001b[36m<section\u001b[39m\n        \u001b[33mclass\u001b[39m=\u001b[32m\"detail-section comments-panel\"\u001b[39m\n      \u001b[36m>\u001b[39m\n        \u001b[36m<div\u001b[39m\n          \u001b[33mclass\u001b[39m=\u001b[32m\"comments-panel__header\"\u001b[39m\n        \u001b[36m>\u001b[39m\n          \u001b[36m<div>\u001b[39m\n            \u001b[36m<h2>\u001b[39m\n              \u001b[0m短评\u001b[0m\n            \u001b[36m</h2>\u001b[39m\n          \u001b[36m</div>\u001b[39m\n        \u001b[36m</div>\u001b[39m\n        \u001b[36m<div\u001b[39m\n          \u001b[33mclass\u001b[39m=\u001b[32m\"comment-list-lite\"\u001b[39m\n        \u001b[36m>\u001b[39m\n          \u001b[36m<article\u001b[39m\n            \u001b[33mclass\u001b[39m=\u001b[32m\"comment-card\"\u001b[39m\n          \u001b[36m>\u001b[39m\n            \u001b[36m<div\u001b[39m\n              \u001b[33mclass\u001b[39m=\u001b[32m\"comment-card__meta\"\u001b[39m\n            \u001b[36m>\u001b[39m\n              \u001b[36m<span\u001b[39m\n                \u001b[33mclass\u001b[39m=\u001b[32m\"comment-card__avatar\"\u001b[39m\n              \u001b[36m>\u001b[39m\n                \u001b[0mC\u001b[0m\n              \u001b[36m</span>\u001b[39m\n              \u001b[36m<div\u001b[39m\n                \u001b[33mclass\u001b[39m=\u001b[32m\"comment-card__identity\"\u001b[39m\n              \u001b[36m>\u001b[39m\n                \u001b[36m<strong>\u001b[39m\n                  \u001b[0mCommenter\u001b[0m\n                \u001b[36m</strong>\u001b[39m\n                \u001b[36m<div\u001b[39m\n                  \u001b[33mclass\u001b[39m=\u001b[32m\"comment-card__submeta\"\u001b[39m\n                \u001b[36m>\u001b[39m\n                  \u001b[36m<div\u001b[39m\n                    \u001b[33mclass\u001b[39m=\u001b[32m\"comment-card__submeta-main\"\u001b[39m\n                  \u001b[36m>\u001b[39m\n                    \u001b[36m<span\u001b[39m\n                      \u001b[33maria-label\u001b[39m=\u001b[32m\"0 星\"\u001b[39m\n                      \u001b[33mclass\u001b[39m=\u001b[32m\"douban-stars\"\u001b[39m\n                    \u001b[36m>\u001b[39m\n                      \u001b[36m<span />\u001b[39m\n                      \u001b[36m<span>\u001b[39m\n                        \u001b[0m★★★★★\u001b[0m\n                      \u001b[36m</span>\u001b[39m\n                    \u001b[36m</span>\u001b[39m\n                  \u001b[36m</div>\u001b[39m\n                  \u001b[36m<time>\u001b[39m\n                    \u001b[0m2026-05-13\u001b[0m\n                  \u001b[36m</time>\u001b[39m\n                \u001b[36m</div>\u001b[39m\n              \u001b[36m</div>\u001b[39m\n            \u001b[36m</div>\u001b[39m\n            \u001b[36m<p>\u001b[39m\n              \u001b[0mNice detail page\u001b[0m\n            \u001b[36m</p>\u001b[39m\n            \u001b[36m<span\u001b[39m\n              \u001b[33mclass\u001b[39m=\u001b[32m\"comment-card__votes\"\u001b[39m\n            \u001b[36m>\u001b[39m\n              \u001b[0m♡\u001b[0m\n              \u001b[0m \u001b[0m\n              \u001b[0m3\u001b[0m\n            \u001b[36m</span>\u001b[39m\n          \u001b[36m</article>\u001b[39m\n        \u001b[36m</div>\u001b[39m\n        \u001b[36m<p\u001b[39m\n          \u001b[33mclass\u001b[39m=\u001b[32m\"empty-state\"\u001b[39m\n        \u001b[36m>\u001b[39m\n          \u001b[0m没有更多短评了。\u001b[0m\n        \u001b[36m</p>\u001b[39m\n      \u001b[36m</section>\u001b[39m\n    \u001b[36m</div>\u001b[39m\n  \u001b[36m</div>\u001b[39m\n\u001b[36m</body>\u001b[39m\n    at waitForWrapper (C:\\Users\\ttop5\\Documents\\projects\\douban-lite\\node_modules\\@testing-library\\dom\\dist\\wait-for.js:163:27)\n    at C:\\Users\\ttop5\\Documents\\projects\\douban-lite\\node_modules\\@testing-library\\dom\\dist\\query-helpers.js:86:33\n    at C:\\Users\\ttop5\\Documents\\projects\\douban-lite\\apps\\web\\src\\pages\\subject-detail-page.test.tsx:350:25\n    at file:///C:/Users/ttop5/Documents/projects/douban-lite/node_modules/@vitest/runner/dist/chunk-hooks.js:155:11\n    at file:///C:/Users/ttop5/Documents/projects/douban-lite/node_modules/@vitest/runner/dist/chunk-hooks.js:752:26\n    at file:///C:/Users/ttop5/Documents/projects/douban-lite/node_modules/@vitest/runner/dist/chunk-hooks.js:1897:20\n    at new Promise (<anonymous>)\n    at runWithTimeout (file:///C:/Users/ttop5/Documents/projects/douban-lite/node_modules/@vitest/runner/dist/chunk-hooks.js:1863:10)\n    at runTest (file:///C:/Users/ttop5/Documents/projects/douban-lite/node_modules/@vitest/runner/dist/chunk-hooks.js:1574:12)\n    at runSuite (file:///C:/Users/ttop5/Documents/projects/douban-lite/node_modules/@vitest/runner/dist/chunk-hooks.js:1729:8)"],"meta":{}},{"ancestorTitles":["SubjectDetailPage"],"fullName":"SubjectDetailPage routes the unauthenticated detail CTA to /login with a returnTo query","status":"failed","title":"routes the unauthenticated detail CTA to /login with a returnTo query","duration":11.271099999999933,"failureMessages":["AssertionError: expected null not to be null\n    at C:\\Users\\ttop5\\Documents\\projects\\douban-lite\\apps\\web\\src\\pages\\subject-detail-page.test.tsx:401:29\n    at file:///C:/Users/ttop5/Documents/projects/douban-lite/node_modules/@vitest/runner/dist/chunk-hooks.js:155:11\n    at file:///C:/Users/ttop5/Documents/projects/douban-lite/node_modules/@vitest/runner/dist/chunk-hooks.js:752:26\n    at file:///C:/Users/ttop5/Documents/projects/douban-lite/node_modules/@vitest/runner/dist/chunk-hooks.js:1897:20\n    at new Promise (<anonymous>)\n    at runWithTimeout (file:///C:/Users/ttop5/Documents/projects/douban-lite/node_modules/@vitest/runner/dist/chunk-hooks.js:1863:10)\n    at runTest (file:///C:/Users/ttop5/Documents/projects/douban-lite/node_modules/@vitest/runner/dist/chunk-hooks.js:1574:12)\n    at runSuite (file:///C:/Users/ttop5/Documents/projects/douban-lite/node_modules/@vitest/runner/dist/chunk-hooks.js:1729:8)\n    at runSuite (file:///C:/Users/ttop5/Documents/projects/douban-lite/node_modules/@vitest/runner/dist/chunk-hooks.js:1729:8)\n    at runFiles (file:///C:/Users/ttop5/Documents/projects/douban-lite/node_modules/@vitest/runner/dist/chunk-hooks.js:1787:3)"],"meta":{}},{"ancestorTitles":["SubjectDetailPage"],"fullName":"SubjectDetailPage renders user summary, richer comments, image preview, and load-more actions","status":"failed","title":"renders user summary, richer comments, image preview, and load-more actions","duration":36.115099999999984,"failureMessages":["Error: Invalid Chai property: toBeInTheDocument\n    at Object.proxyGetter [as get] (file:///C:/Users/ttop5/Documents/projects/douban-lite/node_modules/chai/index.js:1639:17)\n    at C:\\Users\\ttop5\\Documents\\projects\\douban-lite\\apps\\web\\src\\pages\\subject-detail-page.test.tsx:487:74\n    at runNextTicks (node:internal/process/task_queues:65:5)\n    at listOnTimeout (node:internal/timers:567:9)\n    at processTimers (node:internal/timers:541:7)\n    at file:///C:/Users/ttop5/Documents/projects/douban-lite/node_modules/@vitest/runner/dist/chunk-hooks.js:752:20"],"meta":{}},{"ancestorTitles":["SubjectDetailPage"],"fullName":"SubjectDetailPage shows load-more controls for movie staff and media","status":"failed","title":"shows load-more controls for movie staff and media","duration":37.98310000000038,"failureMessages":["Error: Invalid Chai property: toBeInTheDocument\n    at Object.proxyGetter [as get] (file:///C:/Users/ttop5/Documents/projects/douban-lite/node_modules/chai/index.js:1639:17)\n    at C:\\Users\\ttop5\\Documents\\projects\\douban-lite\\apps\\web\\src\\pages\\subject-detail-page.test.tsx:547:46\n    at runNextTicks (node:internal/process/task_queues:65:5)\n    at listOnTimeout (node:internal/timers:567:9)\n    at processTimers (node:internal/timers:541:7)\n    at file:///C:/Users/ttop5/Documents/projects/douban-lite/node_modules/@vitest/runner/dist/chunk-hooks.js:752:20"],"meta":{}},{"ancestorTitles":["SubjectDetailPage"],"fullName":"SubjectDetailPage uses muted hint styling for metadata-like comments and updated empty copy","status":"failed","title":"uses muted hint styling for metadata-like comments and updated empty copy","duration":9.396999999999935,"failureMessages":["TypeError: actual value must be number or bigint, received \"undefined\"\n    at assertTypes (file:///C:/Users/ttop5/Documents/projects/douban-lite/node_modules/@vitest/utils/dist/helpers.js:25:9)\n    at Proxy.<anonymous> (file:///C:/Users/ttop5/Documents/projects/douban-lite/node_modules/@vitest/expect/dist/index.js:1210:3)\n    at Proxy.<anonymous> (file:///C:/Users/ttop5/Documents/projects/douban-lite/node_modules/@vitest/expect/dist/index.js:1029:14)\n    at Proxy.methodWrapper (file:///C:/Users/ttop5/Documents/projects/douban-lite/node_modules/chai/index.js:1686:25)\n    at C:\\Users\\ttop5\\Documents\\projects\\douban-lite\\apps\\web\\src\\pages\\subject-detail-page.test.tsx:602:73\n    at file:///C:/Users/ttop5/Documents/projects/douban-lite/node_modules/@vitest/runner/dist/chunk-hooks.js:155:11\n    at file:///C:/Users/ttop5/Documents/projects/douban-lite/node_modules/@vitest/runner/dist/chunk-hooks.js:752:26\n    at file:///C:/Users/ttop5/Documents/projects/douban-lite/node_modules/@vitest/runner/dist/chunk-hooks.js:1897:20\n    at new Promise (<anonymous>)\n    at runWithTimeout (file:///C:/Users/ttop5/Documents/projects/douban-lite/node_modules/@vitest/runner/dist/chunk-hooks.js:1863:10)"],"meta":{}},{"ancestorTitles":["SubjectDetailPage"],"fullName":"SubjectDetailPage shows five muted stars for unrated comments","status":"failed","title":"shows five muted stars for unrated comments","duration":39.05630000000019,"failureMessages":["Error: Invalid Chai property: toBeInTheDocument\n    at Object.proxyGetter [as get] (file:///C:/Users/ttop5/Documents/projects/douban-lite/node_modules/chai/index.js:1639:17)\n    at C:\\Users\\ttop5\\Documents\\projects\\douban-lite\\apps\\web\\src\\pages\\subject-detail-page.test.tsx:610:55\n    at runNextTicks (node:internal/process/task_queues:65:5)\n    at listOnTimeout (node:internal/timers:567:9)\n    at processTimers (node:internal/timers:541:7)\n    at file:///C:/Users/ttop5/Documents/projects/douban-lite/node_modules/@vitest/runner/dist/chunk-hooks.js:752:20"],"meta":{}},{"ancestorTitles":["SubjectDetailPage"],"fullName":"SubjectDetailPage toggles a comment vote and updates the visible count","status":"failed","title":"toggles a comment vote and updates the visible count","duration":1014.1844000000001,"failureMessages":["Error: Unable to find role=\"button\" and name \"鎶曠エ\"\n\nIgnored nodes: comments, script, style\n\u001b[36m<body>\u001b[39m\n  \u001b[36m<div>\u001b[39m\n    \u001b[36m<div\u001b[39m\n      \u001b[33mclass\u001b[39m=\u001b[32m\"page detail-page detail-page--with-back-button\"\u001b[39m\n    \u001b[36m>\u001b[39m\n      \u001b[36m<button\u001b[39m\n        \u001b[33maria-label\u001b[39m=\u001b[32m\"返回\"\u001b[39m\n        \u001b[33mclass\u001b[39m=\u001b[32m\"detail-back-button\"\u001b[39m\n        \u001b[33mtype\u001b[39m=\u001b[32m\"button\"\u001b[39m\n      \u001b[36m>\u001b[39m\n        \u001b[36m<span>\u001b[39m\n          \u001b[0m‹\u001b[0m\n        \u001b[36m</span>\u001b[39m\n      \u001b[36m</button>\u001b[39m\n      \u001b[36m<button\u001b[39m\n        \u001b[33maria-label\u001b[39m=\u001b[32m\"分享\"\u001b[39m\n        \u001b[33mclass\u001b[39m=\u001b[32m\"detail-share-button\"\u001b[39m\n        \u001b[33mtype\u001b[39m=\u001b[32m\"button\"\u001b[39m\n      \u001b[36m>\u001b[39m\n        \u001b[36m<svg\u001b[39m\n          \u001b[33maria-hidden\u001b[39m=\u001b[32m\"true\"\u001b[39m\n          \u001b[33mfill\u001b[39m=\u001b[32m\"none\"\u001b[39m\n          \u001b[33mheight\u001b[39m=\u001b[32m\"21\"\u001b[39m\n          \u001b[33mviewBox\u001b[39m=\u001b[32m\"0 0 24 24\"\u001b[39m\n          \u001b[33mwidth\u001b[39m=\u001b[32m\"21\"\u001b[39m\n        \u001b[36m>\u001b[39m\n          \u001b[36m<path\u001b[39m\n            \u001b[33md\u001b[39m=\u001b[32m\"M8.6 12.7 15.4 16.4\"\u001b[39m\n          \u001b[36m/>\u001b[39m\n          \u001b[36m<path\u001b[39m\n            \u001b[33md\u001b[39m=\u001b[32m\"M15.4 7.6 8.6 11.3\"\u001b[39m\n          \u001b[36m/>\u001b[39m\n          \u001b[36m<circle\u001b[39m\n            \u001b[33mcx\u001b[39m=\u001b[32m\"6.4\"\u001b[39m\n            \u001b[33mcy\u001b[39m=\u001b[32m\"12\"\u001b[39m\n            \u001b[33mr\u001b[39m=\u001b[32m\"2.4\"\u001b[39m\n          \u001b[36m/>\u001b[39m\n          \u001b[36m<circle\u001b[39m\n            \u001b[33mcx\u001b[39m=\u001b[32m\"17.6\"\u001b[39m\n            \u001b[33mcy\u001b[39m=\u001b[32m\"6.4\"\u001b[39m\n            \u001b[33mr\u001b[39m=\u001b[32m\"2.4\"\u001b[39m\n          \u001b[36m/>\u001b[39m\n          \u001b[36m<circle\u001b[39m\n            \u001b[33mcx\u001b[39m=\u001b[32m\"17.6\"\u001b[39m\n            \u001b[33mcy\u001b[39m=\u001b[32m\"17.6\"\u001b[39m\n            \u001b[33mr\u001b[39m=\u001b[32m\"2.4\"\u001b[39m\n          \u001b[36m/>\u001b[39m\n        \u001b[36m</svg>\u001b[39m\n      \u001b[36m</button>\u001b[39m\n      \u001b[36m<section\u001b[39m\n        \u001b[33mclass\u001b[39m=\u001b[32m\"detail-hero\"\u001b[39m\n      \u001b[36m>\u001b[39m\n        \u001b[36m<div\u001b[39m\n          \u001b[33mclass\u001b[39m=\u001b[32m\"detail-hero__cover\"\u001b[39m\n        \u001b[36m>\u001b[39m\n          \u001b[36m<span>\u001b[39m\n            \u001b[0m无封面\u001b[0m\n          \u001b[36m</span>\u001b[39m\n        \u001b[36m</div>\u001b[39m\n        \u001b[36m<div\u001b[39m\n          \u001b[33mclass\u001b[39m=\u001b[32m\"detail-hero__body\"\u001b[39m\n        \u001b[36m>\u001b[39m\n          \u001b[36m<h1>\u001b[39m\n            \u001b[0mGame Demo\u001b[0m\n          \u001b[36m</h1>\u001b[39m\n          \u001b[36m<p\u001b[39m\n            \u001b[33mclass\u001b[39m=\u001b[32m\"subject-card__meta\"\u001b[39m\n          \u001b[36m>\u001b[39m\n            \u001b[0m游戏\u001b[0m\n            \u001b[0m / 2024\u001b[0m\n            \u001b[0m / Creator One\u001b[0m\n          \u001b[36m</p>\u001b[39m\n        \u001b[36m</div>\u001b[39m\n        \u001b[36m<div\u001b[39m\n          \u001b[33maria-label\u001b[39m=\u001b[32m\"收藏状态\"\u001b[39m\n          \u001b[33mclass\u001b[39m=\u001b[32m\"detail-hero__actions\"\u001b[39m\n        \u001b[36m>\u001b[39m\n          \u001b[36m<button\u001b[39m\n            \u001b[33mclass\u001b[39m=\u001b[32m\"detail-action\"\u001b[39m\n            \u001b[33mtype\u001b[39m=\u001b[32m\"button\"\u001b[39m\n          \u001b[36m>\u001b[39m\n            \u001b[36m<span>\u001b[39m\n              \u001b[0m⊕\u001b[0m\n            \u001b[36m</span>\u001b[39m\n            \u001b[0m想玩\u001b[0m\n          \u001b[36m</button>\u001b[39m\n          \u001b[36m<button\u001b[39m\n            \u001b[33mclass\u001b[39m=\u001b[32m\"detail-action\"\u001b[39m\n            \u001b[33mtype\u001b[39m=\u001b[32m\"button\"\u001b[39m\n          \u001b[36m>\u001b[39m\n            \u001b[36m<span>\u001b[39m\n              \u001b[0m⊙\u001b[0m\n            \u001b[36m</span>\u001b[39m\n            \u001b[0m在玩\u001b[0m\n          \u001b[36m</button>\u001b[39m\n          \u001b[36m<button\u001b[39m\n            \u001b[33mclass\u001b[39m=\u001b[32m\"detail-action\"\u001b[39m\n            \u001b[33mtype\u001b[39m=\u001b[32m\"button\"\u001b[39m\n          \u001b[36m>\u001b[39m\n            \u001b[36m<span>\u001b[39m\n              \u001b[0m☆\u001b[0m\n            \u001b[36m</span>\u001b[39m\n            \u001b[0m玩过\u001b[0m\n          \u001b[36m</button>\u001b[39m\n        \u001b[36m</div>\u001b[39m\n      \u001b[36m</section>\u001b[39m\n      \u001b[36m<section\u001b[39m\n        \u001b[33mclass\u001b[39m=\u001b[32m\"detail-rating-panel\"\u001b[39m\n      \u001b[36m>\u001b[39m\n        \u001b[36m<div\u001b[39m\n          \u001b[33mclass\u001b[39m=\u001b[32m\"detail-rating-card detail-rating-card--public-only\"\u001b[39m\n        \u001b[36m>\u001b[39m\n          \u001b[36m<div>\u001b[39m\n            \u001b[36m<span>\u001b[39m\n              \u001b[0m豆瓣评分\u001b[0m\n            \u001b[36m</span>\u001b[39m\n            \u001b[36m<div\u001b[39m\n              \u001b[33mclass\u001b[39m=\u001b[32m\"detail-rating-card__score\"\u001b[39m\n            \u001b[36m>\u001b[39m\n              \u001b[36m<strong>\u001b[39m\n                \u001b[0m8.8\u001b[0m\n              \u001b[36m</stro
[...]
       \u001b[33mclass\u001b[39m=\u001b[32m\"comment-card__submeta\"\u001b[39m\n                \u001b[36m>\u001b[39m\n                  \u001b[36m<div\u001b[39m\n                    \u001b[33mclass\u001b[39m=\u001b[32m\"comment-card__submeta-main\"\u001b[39m\n                  \u001b[36m>\u001b[39m\n                    \u001b[36m<span\u001b[39m\n                      \u001b[33maria-label\u001b[39m=\u001b[32m\"0 星\"\u001b[39m\n                      \u001b[33mclass\u001b[39m=\u001b[32m\"douban-stars\"\u001b[39m\n                    \u001b[36m>\u001b[39m\n                      \u001b[36m<span />\u001b[39m\n                      \u001b[36m<span>\u001b[39m\n                        \u001b[0m★★★★★\u001b[0m\n                      \u001b[36m</span>\u001b[39m\n                    \u001b[36m</span>\u001b[39m\n                    \u001b[36m<span\u001b[39m\n                      \u001b[33mclass\u001b[39m=\u001b[32m\"comment-card__platform\"\u001b[39m\n                    \u001b[36m>\u001b[39m\n                      \u001b[0mPC\u001b[0m\n                    \u001b[36m</span>\u001b[39m\n                  \u001b[36m</div>\u001b[39m\n                  \u001b[36m<time>\u001b[39m\n                    \u001b[0m2026-05-13\u001b[0m\n                  \u001b[36m</time>\u001b[39m\n                \u001b[36m</div>\u001b[39m\n              \u001b[36m</div>\u001b[39m\n            \u001b[36m</div>\u001b[39m\n            \u001b[36m<p>\u001b[39m\n              \u001b[0mNice detail page\u001b[0m\n            \u001b[36m</p>\u001b[39m\n            \u001b[36m<button\u001b[39m\n              \u001b[33maria-label\u001b[39m=\u001b[32m\"投票\"\u001b[39m\n              \u001b[33mclass\u001b[39m=\u001b[32m\"comment-card__votes comment-card__votes--button\"\u001b[39m\n              \u001b[33mtype\u001b[39m=\u001b[32m\"button\"\u001b[39m\n            \u001b[36m>\u001b[39m\n              \u001b[0m♡\u001b[0m\n              \u001b[0m \u001b[0m\n              \u001b[0m3\u001b[0m\n            \u001b[36m</button>\u001b[39m\n          \u001b[36m</article>\u001b[39m\n        \u001b[36m</div>\u001b[39m\n        \u001b[36m<p\u001b[39m\n          \u001b[33mclass\u001b[39m=\u001b[32m\"empty-state\"\u001b[39m\n        \u001b[36m>\u001b[39m\n          \u001b[0m没有更多短评了。\u001b[0m\n        \u001b[36m</p>\u001b[39m\n      \u001b[36m</section>\u001b[39m\n    \u001b[36m</div>\u001b[39m\n  \u001b[36m</div>\u001b[39m\n\u001b[36m</body>\u001b[39m\n    at waitForWrapper (C:\\Users\\ttop5\\Documents\\projects\\douban-lite\\node_modules\\@testing-library\\dom\\dist\\wait-for.js:163:27)\n    at C:\\Users\\ttop5\\Documents\\projects\\douban-lite\\node_modules\\@testing-library\\dom\\dist\\query-helpers.js:86:33\n    at C:\\Users\\ttop5\\Documents\\projects\\douban-lite\\apps\\web\\src\\pages\\subject-detail-page.test.tsx:691:37\n    at file:///C:/Users/ttop5/Documents/projects/douban-lite/node_modules/@vitest/runner/dist/chunk-hooks.js:155:11\n    at file:///C:/Users/ttop5/Documents/projects/douban-lite/node_modules/@vitest/runner/dist/chunk-hooks.js:752:26\n    at file:///C:/Users/ttop5/Documents/projects/douban-lite/node_modules/@vitest/runner/dist/chunk-hooks.js:1897:20\n    at new Promise (<anonymous>)\n    at runWithTimeout (file:///C:/Users/ttop5/Documents/projects/douban-lite/node_modules/@vitest/runner/dist/chunk-hooks.js:1863:10)\n    at runTest (file:///C:/Users/ttop5/Documents/projects/douban-lite/node_modules/@vitest/runner/dist/chunk-hooks.js:1574:12)\n    at runNextTicks (node:internal/process/task_queues:65:5)"],"meta":{}},{"ancestorTitles":["SubjectDetailPage"],"fullName":"SubjectDetailPage renders voted comments without cancel support as passive state","status":"failed","title":"renders voted comments without cancel support as passive state","duration":36.603000000000065,"failureMessages":["Error: Invalid Chai property: toBeInTheDocument\n    at Object.proxyGetter [as get] (file:///C:/Users/ttop5/Documents/projects/douban-lite/node_modules/chai/index.js:1639:17)\n    at C:\\Users\\ttop5\\Documents\\projects\\douban-lite\\apps\\web\\src\\pages\\subject-detail-page.test.tsx:765:60\n    at runNextTicks (node:internal/process/task_queues:65:5)\n    at listOnTimeout (node:internal/timers:567:9)\n    at processTimers (node:internal/timers:541:7)\n    at file:///C:/Users/ttop5/Documents/projects/douban-lite/node_modules/@vitest/runner/dist/chunk-hooks.js:752:20"],"meta":{}},{"ancestorTitles":["SubjectDetailPage"],"fullName":"SubjectDetailPage keeps voted comments clickable when cancel support is explicit","status":"failed","title":"keeps voted comments clickable when cancel support is explicit","duration":1010.4867000000004,"failureMessages":["Error: Unable to find role=\"button\" and name \"宸叉姇绁?\"\n\nIgnored nodes: comments, script, style\n\u001b[36m<body>\u001b[39m\n  \u001b[36m<div>\u001b[39m\n    \u001b[36m<div\u001b[39m\n      \u001b[33mclass\u001b[39m=\u001b[32m\"page detail-page detail-page--with-back-button\"\u001b[39m\n    \u001b[36m>\u001b[39m\n      \u001b[36m<button\u001b[39m\n        \u001b[33maria-label\u001b[39m=\u001b[32m\"返回\"\u001b[39m\n        \u001b[33mclass\u001b[39m=\u001b[32m\"detail-back-button\"\u001b[39m\n        \u001b[33mtype\u001b[39m=\u001b[32m\"button\"\u001b[39m\n      \u001b[36m>\u001b[39m\n        \u001b[36m<span>\u001b[39m\n          \u001b[0m‹\u001b[0m\n        \u001b[36m</span>\u001b[39m\n      \u001b[36m</button>\u001b[39m\n      \u001b[36m<button\u001b[39m\n        \u001b[33maria-label\u001b[39m=\u001b[32m\"分享\"\u001b[39m\n        \u001b[33mclass\u001b[39m=\u001b[32m\"detail-share-button\"\u001b[39m\n        \u001b[33mtype\u001b[39m=\u001b[32m\"button\"\u001b[39m\n      \u001b[36m>\u001b[39m\n        \u001b[36m<svg\u001b[39m\n          \u001b[33maria-hidden\u001b[39m=\u001b[32m\"true\"\u001b[39m\n          \u001b[33mfill\u001b[39m=\u001b[32m\"none\"\u001b[39m\n          \u001b[33mheight\u001b[39m=\u001b[32m\"21\"\u001b[39m\n          \u001b[33mviewBox\u001b[39m=\u001b[32m\"0 0 24 24\"\u001b[39m\n          \u001b[33mwidth\u001b[39m=\u001b[32m\"21\"\u001b[39m\n        \u001b[36m>\u001b[39m\n          \u001b[36m<path\u001b[39m\n            \u001b[33md\u001b[39m=\u001b[32m\"M8.6 12.7 15.4 16.4\"\u001b[39m\n          \u001b[36m/>\u001b[39m\n          \u001b[36m<path\u001b[39m\n            \u001b[33md\u001b[39m=\u001b[32m\"M15.4 7.6 8.6 11.3\"\u001b[39m\n          \u001b[36m/>\u001b[39m\n          \u001b[36m<circle\u001b[39m\n            \u001b[33mcx\u001b[39m=\u001b[32m\"6.4\"\u001b[39m\n            \u001b[33mcy\u001b[39m=\u001b[32m\"12\"\u001b[39m\n            \u001b[33mr\u001b[39m=\u001b[32m\"2.4\"\u001b[39m\n          \u001b[36m/>\u001b[39m\n          \u001b[36m<circle\u001b[39m\n            \u001b[33mcx\u001b[39m=\u001b[32m\"17.6\"\u001b[39m\n            \u001b[33mcy\u001b[39m=\u001b[32m\"6.4\"\u001b[39m\n            \u001b[33mr\u001b[39m=\u001b[32m\"2.4\"\u001b[39m\n          \u001b[36m/>\u001b[39m\n          \u001b[36m<circle\u001b[39m\n            \u001b[33mcx\u001b[39m=\u001b[32m\"17.6\"\u001b[39m\n            \u001b[33mcy\u001b[39m=\u001b[32m\"17.6\"\u001b[39m\n            \u001b[33mr\u001b[39m=\u001b[32m\"2.4\"\u001b[39m\n          \u001b[36m/>\u001b[39m\n        \u001b[36m</svg>\u001b[39m\n      \u001b[36m</button>\u001b[39m\n      \u001b[36m<section\u001b[39m\n        \u001b[33mclass\u001b[39m=\u001b[32m\"detail-hero\"\u001b[39m\n      \u001b[36m>\u001b[39m\n        \u001b[36m<div\u001b[39m\n          \u001b[33mclass\u001b[39m=\u001b[32m\"detail-hero__cover\"\u001b[39m\n        \u001b[36m>\u001b[39m\n          \u001b[36m<span>\u001b[39m\n            \u001b[0m无封面\u001b[0m\n          \u001b[36m</span>\u001b[39m\n        \u001b[36m</div>\u001b[39m\n        \u001b[36m<div\u001b[39m\n          \u001b[33mclass\u001b[39m=\u001b[32m\"detail-hero__body\"\u001b[39m\n        \u001b[36m>\u001b[39m\n          \u001b[36m<h1>\u001b[39m\n            \u001b[0mGame Demo\u001b[0m\n          \u001b[36m</h1>\u001b[39m\n          \u001b[36m<p\u001b[39m\n            \u001b[33mclass\u001b[39m=\u001b[32m\"subject-card__meta\"\u001b[39m\n          \u001b[36m>\u001b[39m\n            \u001b[0m游戏\u001b[0m\n            \u001b[0m / 2024\u001b[0m\n            \u001b[0m / Creator One\u001b[0m\n          \u001b[36m</p>\u001b[39m\n        \u001b[36m</div>\u001b[39m\n        \u001b[36m<div\u001b[39m\n          \u001b[33maria-label\u001b[39m=\u001b[32m\"收藏状态\"\u001b[39m\n          \u001b[33mclass\u001b[39m=\u001b[32m\"detail-hero__actions\"\u001b[39m\n        \u001b[36m>\u001b[39m\n          \u001b[36m<button\u001b[39m\n            \u001b[33mclass\u001b[39m=\u001b[32m\"detail-action\"\u001b[39m\n            \u001b[33mtype\u001b[39m=\u001b[32m\"button\"\u001b[39m\n          \u001b[36m>\u001b[39m\n            \u001b[36m<span>\u001b[39m\n              \u001b[0m⊕\u001b[0m\n            \u001b[36m</span>\u001b[39m\n            \u001b[0m想玩\u001b[0m\n          \u001b[36m</button>\u001b[39m\n          \u001b[36m<button\u001b[39m\n            \u001b[33mclass\u001b[39m=\u001b[32m\"detail-action\"\u001b[39m\n            \u001b[33mtype\u001b[39m=\u001b[32m\"button\"\u001b[39m\n          \u001b[36m>\u001b[39m\n            \u001b[36m<span>\u001b[39m\n              \u001b[0m⊙\u001b[0m\n            \u001b[36m</span>\u001b[39m\n            \u001b[0m在玩\u001b[0m\n          \u001b[36m</button>\u001b[39m\n          \u001b[36m<button\u001b[39m\n            \u001b[33mclass\u001b[39m=\u001b[32m\"detail-action\"\u001b[39m\n            \u001b[33mtype\u001b[39m=\u001b[32m\"button\"\u001b[39m\n          \u001b[36m>\u001b[39m\n            \u001b[36m<span>\u001b[39m\n              \u001b[0m☆\u001b[0m\n            \u001b[36m</span>\u001b[39m\n            \u001b[0m玩过\u001b[0m\n          \u001b[36m</button>\u001b[39m\n        \u001b[36m</div>\u001b[39m\n      \u001b[36m</section>\u001b[39m\n      \u001b[36m<section\u001b[39m\n        \u001b[33mclass\u001b[39m=\u001b[32m\"detail-rating-panel\"\u001b[39m\n      \u001b[36m>\u001b[39m\n        \u001b[36m<div\u001b[39m\n          \u001b[33mclass\u001b[39m=\u001b[32m\"detail-rating-card detail-rating-card--public-only\"\u001b[39m\n        \u001b[36m>\u001b[39m\n          \u001b[36m<div>\u001b[39m\n            \u001b[36m<span>\u001b[39m\n              \u001b[0m豆瓣评分\u001b[0m\n            \u001b[36m</span>\u001b[39m\n            \u001b[36m<div\u001b[39m\n              \u001b[33mclass\u001b[39m=\u001b[32m\"detail-rating-card__score\"\u001b[39m\n            \u001b[36m>\u001b[39m\n              \u001b[36m<strong>\u001b[39m\n                \u001b[0m8.8\u001b[0m\n              \u001b[36m</strong>\u001b[39m\n              \u001b[36m<span\u001b[39m\n                \u001b[33maria-label\u001b[39m=\u001b[32m\"4 星\"\u001b[39m\n                \u001b[33mclass\u001b[39m=\u001b[32m\"douban-stars\"\u001b[39m\n              \u001b[36m>\u001b[39m\n                \u001b[36m<span>\u001b[39m\n                  \u001b[0m★★★★\u001b[0m\n                \u001b[36m</span>\u001b[39m\n                \u001b[36m<span>\u001b[39m\n                  \u001b[0m★\u001b[0m\n                \u001b[36m</span>\u001b[39m\n              \u001b[36m</span>\u001b[39m\n            \u001b[36m</div>\u001b[39m\n            \u001b[36m<p>\u001b[39m\n              \u001b[0m来自豆瓣公开评分\u001b[0m\n            \u001b[36m</p>\u001b[39m\n          \u001b[36m</div>\u001b[39m\n          \u001b[36m<div\u001b[39m\n            \u001b[33mclass\u001b[39m=\u001b[32m\"detail-my-rating\"\u001b[39m\n          \u001b[36m>\u001b[39m\n            \u001b[36m<span>\u001b[39m\n              \u001b[0m我的评分\u001b[0m\n            \u001b[36m</span>\u001b[39m\n            \u001b[36m<div\u001b[39m\n              \u001b[33maria-label\u001b[39m=\u001b[32m\"我的评分\"\u001b[39m\n              \u001b[33mclass\u001b[39m=\u001b[32m\"detail-my-rating__stars\"\u001b[39m\n            \u001b[36m>\u001b[39m\n              \u001b[36m<button\u001b[39m\n                \u001b[33maria-label\u001b[39m=\u001b[32m\"1 星\"\u001b[39m\n                \u001b[33mclass\u001b[39m=\u001b[32m\"\"\u001b[39m\n                \u001b[33mtype\u001b[39m=\u001b[32m\"button\"\u001b[39m\n              \u001b[36m>\u001b[39m\n                \u001b[0m★\u001b[0m\n              \u001b[36m</button>\u001b[39m\n              \u001b[36m<button\u001b[39m\n                \u001b[33maria-label\u001b[39m=\u001b[32m\"2 星\"\u001b[39m\n                \u001b[33mclass\u001b[39m=\u001b[32m\"\"\u001b[39m\n                \u001b[33mtype\u001b[39m=\u001b[32m\"button\"\u001b[39m\n              \u001b[36m>\u001b[39m\n                \u001b[0m★\u001b[0m\n              \u001b[36m</button>\u001b[39m\n              \u001b[36m<button\u001b[39m\n                \u001b[33maria-label\u001b[39m=\u001b[32m\"3 星\"\u001b[39m\n                \u001b[33mclass\u001b[39m=\u001b[32m\"\"\u001b[39m\n                \u001b[33mtype\u001b[39m=\u001b[32m\"button\"\u001b[39m\n              \u001b[36m>\u001b[39m\n                \u001b[0m★\u001b[0m\n              \u001b[36m</button>\u001b[39m\n              \u001b[36m<button\u001b[39m\n                \u001b[33maria-label\u001b[39m=\u001b[32m\"4 星\"\u001b[39m\n                \u001b[33mclass\u001b[39m=\u001b[32m\"\"\u001b[39m\n                \u001b[33mtype\u001b[39m=\u001b[32m\"button\"\u001b[39m\n              \u001b[36m>\u001b[39m\n                \u001b[0m★\u001b[0m\n              \u001b[36m</button>\u001b[39m\n              \u001b[36m<button\u001b[39m\n                \u001b[33maria-label\u001b[39m=\u001b[32m\"5 星\"\u001b[39m\n                \u001b[33mclass\u001b[39m=\u001b[32m\"\"\u001b[39m\n                \u001b[33mtype\u001b[39m=\u001b[32m\"button\"\u001b[39m\n              \u001b[36m>\u001b[39m\n                \u001b[0m★\u001b[0m\n              \u001b[36m</button>\u001b[39m\n            \u001b[36m</div>\u001b[39m\n            \u001b[36m<p\u001b[39m\n              \u001b[33mclass\u001b[39m=\u001b[32m\"detail-my-rating__placeholder\"\u001b[39m\n            \u001b[36m>\u001b[39m\n              \u001b[0m登录后可以同步你的标记、评分和短评。\u001b[0m\n            \u001b[36m</p>\u001b[39m\n          \u001b[36m</div>\u001b[39m\n        \u001b[36m</div>\u001b[39m\n        \u001b[36m<p\u001b[39m\n          \u001b[33mclass\u001b[39m=\u001b[32m\"detail-current-state\"\u001b[39m\n        \u001b[36m>\u001b[39m\n          \u001b[0m当前：\u001b[0m\n          \u001b[0m未标记\u001b[0m\n        \u001b[36m</p>\u001b[39m\n      \u001b[36m</section>\u001b[39m\n      \u001b[36m<section\u001b[39m\n        \u001b[33mclass\u001b[39m=\u001b[32m\"detail-section detail-summary-section\"\u001b[39m\n      \u001b[36m>\u001b[39m\n        \u001b[36m<h2>\u001b[39m\n          \u001b[0m剧情简介\u001b[0m\n        \u001b[36m</h2>\u001b[39m\n        \u001b[36m<div\u001b[39m\n          \u001b[33mclass\u001b[39m=\u001b[32m\"detail-summary-wrap\"\u001b[39m\n        \u001b[36m>\u001b[39m\n          \u001b[36m<p>\u001b[39m\n            \u001b[0mGame Demo summary\u001b[0m\n          \u001b[36m</p>\u001b[39m\n        \u001b[36m</div>\u001b[39m\n      \u001b[36m</section>\u001b[39m\n      \u001b[36m<section\u001b[39m\n        \u001b[33mclass\u001b[39m=\u001b[32m\"detail-section comments-panel\"\u001b[39m\n      \u001b[36m>\u001b[39m\n        \u001b[36m<div\u001b[39m\n          \u001b[33mclass\u001b[39m=\u001b[32m\"comments-panel__header\"\u001b[39m\n        \u001b[36m>\u001b[39m\n          \u001b[36m<div>\u001b[39m\n            \u001b[36m<h2>\u001b[39m\n              \u001b[0m短评\u001b[0m\n            \u001b[36m</h2>\u001b[39m\n          \u001b[36m</div>\u001b[39m\n        \u001b[36m</div>\u001b[39m\n        \u001b[36m<div\u001b[39m\n          \u001b[33mclass\u001b[39m=\u001b[32m\"comment-list-lite\"\u001b[39m\n        \u001b[36m>\u001b[39m\n          \u001b[36m<article\u001b[39m\n            \u001b[33mclass\u001b[39m=\u001b[32m\"comment-card\"\u001b[39m\n          \u001b[36m>\u001b[39m\n            \u001b[36m<div\u001b[39m\n              \u001b[33mclass\u001b[39m=\u001b[32m\"comment-card__meta\"\u001b[39m\n            \u001b[36m>\u001b[39m\n              \u001b[36m<span\u001b[39m\n                \u001b[33mclass\u001b[39m=\u001b[32m\"comment-card__avatar\"\u001b[39m\n              \u001b[36m>\u001b[39m\n                \u001b[0mC\u001b[0m\n              \u001b[36m</span>\u001b[39m\n              \u001b[36m<div\u001b[39m\n                \u001b[33mclass\u001b[39m=\u001b[32m\"comment-card__identity\"\u001b[39m\n              \u001b[36m>\u001b[39m\n                \u001b[36m<strong>\u001b[39m\n                  \u001b[0mCommenter\u001b[0m\n                \u001b[36m</strong>\u001b[39m\n                \u001b[36m<div\u001b[39m\n                  \u001b[33mclass\u001b[39m=\u001b[32m\"comment-card__submeta\"\u001b[39m\n                \u001b[36m>\u001b[39m\n                  \u001b[36m<div\u001b[39m\n                    \u001b[33mclass\u001b[39m=\u001b[32m\"comment-card__submeta-main\"\u001b[39m\n                  \u001b[36m>\u001b[39m\n                    \u001b[36m<span\u001b[39m\n                      \u001b[33maria-label\u001b[39m=\u001b[32m\"0 星\"\u001b[39m\n                      \u001b[33mclass\u001b[39m=\u001b[32m\"douban-stars\"\u001b[39m\n                    \u001b[36m>\u001b[39m\n                      \u001b[36m<span />\u001b[39m\n                      \u001b[36m<span>\u001b[39m\n                        \u001b[0m★★★★★\u001b[0m\n                      \u001b[36m</span>\u001b[39m\n                    \u001b[36m</span>\u001b[39m\n                  \u001b[36m</div>\u001b[39m\n                  \u001b[36m<time>\u001b[39m\n                    \u001b[0m2026-05-13\u001b[0m\n                  \u001b[36m</time>\u001b[39m\n                \u001b[36m</div>\u001b[39m\n              \u001b[36m</div>\u001b[39m\n            \u001b[36m</div>\u001b[39m\n            \u001b[36m<p>\u001b[39m\n              \u001b[0mCancelable vote comment\u001b[0m\n            \u001b[36m</p>\u001b[39m\n            \u001b[36m<button\u001b[39m\n              \u001b[33maria-label\u001b[39m=\u001b[32m\"已投票\"\u001b[39m\n              \u001b[33mclass\u001b[39m=\u001b[32m\"comment-card__votes comment-card__votes--button is-active\"\u001b[39m\n              \u001b[33mtype\u001b[39m=\u001b[32m\"button\"\u001b[39m\n            \u001b[36m>\u001b[39m\n              \u001b[0m♥\u001b[0m\n              \u001b[0m \u001b[0m\n              \u001b[0m4\u001b[0m\n            \u001b[36m</button>\u001b[39m\n          \u001b[36m</article>\u001b[39m\n        \u001b[36m</div>\u001b[39m\n        \u001b[36m<p\u001b[39m\n          \u001b[33mclass\u001b[39m=\u001b[32m\"empty-state\"\u001b[39m\n        \u001b[36m>\u001b[39m\n          \u001b[0m没有更多短评了。\u001b[0m\n        \u001b[36m</p>\u001b[39m\n      \u001b[36m</section>\u001b[39m\n    \u001b[36m</div>\u001b[39m\n  \u001b[36m</div>\u001b[39m\n\u001b[36m</body>\u001b[39m\n    at waitForWrapper (C:\\Users\\ttop5\\Documents\\projects\\douban-lite\\node_modules\\@testing-library\\dom\\dist\\wait-for.js:163:27)\n    at C:\\Users\\ttop5\\Documents\\projects\\douban-lite\\node_modules\\@testing-library\\dom\\dist\\query-helpers.js:86:33\n    at C:\\Users\\ttop5\\Documents\\projects\\douban-lite\\apps\\web\\src\\pages\\subject-detail-page.test.tsx:842:37\n    at file:///C:/Users/ttop5/Documents/projects/douban-lite/node_modules/@vitest/runner/dist/chunk-hooks.js:155:11\n    at file:///C:/Users/ttop5/Documents/projects/douban-lite/node_modules/@vitest/runner/dist/chunk-hooks.js:752:26\n    at file:///C:/Users/ttop5/Documents/projects/douban-lite/node_modules/@vitest/runner/dist/chunk-hooks.js:1897:20\n    at new Promise (<anonymous>)\n    at runWithTimeout (file:///C:/Users/ttop5/Documents/projects/douban-lite/node_modules/@vitest/runner/dist/chunk-hooks.js:1863:10)\n    at runTest (file:///C:/Users/ttop5/Documents/projects/douban-lite/node_modules/@vitest/runner/dist/chunk-hooks.js:1574:12)\n    at runNextTicks (node:internal/process/task_queues:65:5)"],"meta":{}}],"startTime":1778747888038,"endTime":1778747893443.4868,"status":"failed","message":"","name":"C:/Users/ttop5/Documents/projects/douban-lite/apps/web/src/pages/subject-detail-page.test.tsx"}]}